The system is: Linux - 5.13.0-30-generic - x86_64
Compiling the C compiler identification source file "CMakeCCompilerId.c" succeeded.
Compiler: /usr/bin/cc 
Build flags: 
Id flags:  

The output was:
0


Compilation of the C compiler identification source "CMakeCCompilerId.c" produced "a.out"

The C compiler identification is GNU, found in "/home/leibov/Documents/FC_SDNN/release/CMakeFiles/3.16.3/CompilerIdC/a.out"

Compiling the CXX compiler identification source file "CMakeCXXCompilerId.cpp" succeeded.
Compiler: /opt/intel/oneapi/compiler/2022.0.2/linux/bin/intel64/icpc 
Build flags: 
Id flags:  

The output was:
0


Compilation of the CXX compiler identification source "CMakeCXXCompilerId.cpp" produced "a.out"

The CXX compiler identification is Intel, found in "/home/leibov/Documents/FC_SDNN/release/CMakeFiles/3.16.3/CompilerIdCXX/a.out"

Determining if the C compiler works passed with the following output:
Change Dir: /home/leibov/Documents/FC_SDNN/release/CMakeFiles/CMakeTmp

Run Build Command(s):/usr/bin/make cmTC_24536/fast && /usr/bin/make -f CMakeFiles/cmTC_24536.dir/build.make CMakeFiles/cmTC_24536.dir/build
make[1]: Entering directory '/home/leibov/Documents/FC_SDNN/release/CMakeFiles/CMakeTmp'
Building C object CMakeFiles/cmTC_24536.dir/testCCompiler.c.o
/usr/bin/cc    -o CMakeFiles/cmTC_24536.dir/testCCompiler.c.o   -c /home/leibov/Documents/FC_SDNN/release/CMakeFiles/CMakeTmp/testCCompiler.c
Linking C executable cmTC_24536
/usr/bin/cmake -E cmake_link_script CMakeFiles/cmTC_24536.dir/link.txt --verbose=1
/usr/bin/cc      -rdynamic CMakeFiles/cmTC_24536.dir/testCCompiler.c.o  -o cmTC_24536 
make[1]: Leaving directory '/home/leibov/Documents/FC_SDNN/release/CMakeFiles/CMakeTmp'



Detecting C compiler ABI info compiled with the following output:
Change Dir: /home/leibov/Documents/FC_SDNN/release/CMakeFiles/CMakeTmp

Run Build Command(s):/usr/bin/make cmTC_7f70a/fast && /usr/bin/make -f CMakeFiles/cmTC_7f70a.dir/build.make CMakeFiles/cmTC_7f70a.dir/build
make[1]: Entering directory '/home/leibov/Documents/FC_SDNN/release/CMakeFiles/CMakeTmp'
Building C object CMakeFiles/cmTC_7f70a.dir/CMakeCCompilerABI.c.o
/usr/bin/cc   -v -o CMakeFiles/cmTC_7f70a.dir/CMakeCCompilerABI.c.o   -c /usr/share/cmake-3.16/Modules/CMakeCCompilerABI.c
Using built-in specs.
COLLECT_GCC=/usr/bin/cc
OFFLOAD_TARGET_NAMES=nvptx-none:hsa
OFFLOAD_TARGET_DEFAULT=1
Target: x86_64-linux-gnu
Configured with: ../src/configure -v --with-pkgversion='Ubuntu 9.3.0-17ubuntu1~20.04' --with-bugurl=file:///usr/share/doc/gcc-9/README.Bugs --enable-languages=c,ada,c++,go,brig,d,fortran,objc,obj-c++,gm2 --prefix=/usr --with-gcc-major-version-only --program-suffix=-9 --program-prefix=x86_64-linux-gnu- --enable-shared --enable-linker-build-id --libexecdir=/usr/lib --without-included-gettext --enable-threads=posix --libdir=/usr/lib --enable-nls --enable-clocale=gnu --enable-libstdcxx-debug --enable-libstdcxx-time=yes --with-default-libstdcxx-abi=new --enable-gnu-unique-object --disable-vtable-verify --enable-plugin --enable-default-pie --with-system-zlib --with-target-system-zlib=auto --enable-objc-gc=auto --enable-multiarch --disable-werror --with-arch-32=i686 --with-abi=m64 --with-multilib-list=m32,m64,mx32 --enable-multilib --with-tune=generic --enable-offload-targets=nvptx-none=/build/gcc-9-HskZEa/gcc-9-9.3.0/debian/tmp-nvptx/usr,hsa --without-cuda-driver --enable-checking=release --build=x86_64-linux-gnu --host=x86_64-linux-gnu --target=x86_64-linux-gnu
Thread model: posix
gcc version 9.3.0 (Ubuntu 9.3.0-17ubuntu1~20.04) 
COLLECT_GCC_OPTIONS='-v' '-o' 'CMakeFiles/cmTC_7f70a.dir/CMakeCCompilerABI.c.o' '-c' '-mtune=generic' '-march=x86-64'
 /usr/lib/gcc/x86_64-linux-gnu/9/cc1 -quiet -v -imultiarch x86_64-linux-gnu /usr/share/cmake-3.16/Modules/CMakeCCompilerABI.c -quiet -dumpbase CMakeCCompilerABI.c -mtune=generic -march=x86-64 -auxbase-strip CMakeFiles/cmTC_7f70a.dir/CMakeCCompilerABI.c.o -version -fasynchronous-unwind-tables -fstack-protector-strong -Wformat -Wformat-security -fstack-clash-protection -fcf-protection -o /tmp/ccyA92At.s
GNU C17 (Ubuntu 9.3.0-17ubuntu1~20.04) version 9.3.0 (x86_64-linux-gnu)
	compiled by GNU C version 9.3.0, GMP version 6.2.0, MPFR version 4.0.2, MPC version 1.1.0, isl version isl-0.22.1-GMP

GGC heuristics: --param ggc-min-expand=100 --param ggc-min-heapsize=131072
ignoring nonexistent directory "/usr/local/include/x86_64-linux-gnu"
ignoring nonexistent directory "/usr/lib/gcc/x86_64-linux-gnu/9/include-fixed"
ignoring nonexistent directory "/usr/lib/gcc/x86_64-linux-gnu/9/../../../../x86_64-linux-gnu/include"
#include "..." search starts here:
#include <...> search starts here:
 /opt/intel/oneapi/tbb/2021.5.1/env/../include
 /opt/intel/oneapi/mpi/2021.5.1//include
 /opt/intel/oneapi/mkl/2022.0.2/include
 /opt/intel/oneapi/ipp/2021.5.2/include
 /opt/intel/oneapi/dpl/2021.6.0/linux/include
 /opt/intel/oneapi/dpcpp-ct/2022.0.0/include
 /opt/intel/oneapi/dev-utilities/2021.5.2/include
 /opt/intel/oneapi/ccl/2021.5.1/include/cpu_gpu_dpcpp
 /usr/lib/gcc/x86_64-linux-gnu/9/include
 /usr/local/include
 /usr/include/x86_64-linux-gnu
 /usr/include
End of search list.
GNU C17 (Ubuntu 9.3.0-17ubuntu1~20.04) version 9.3.0 (x86_64-linux-gnu)
	compiled by GNU C version 9.3.0, GMP version 6.2.0, MPFR version 4.0.2, MPC version 1.1.0, isl version isl-0.22.1-GMP

GGC heuristics: --param ggc-min-expand=100 --param ggc-min-heapsize=131072
Compiler executable checksum: bbf13931d8de1abe14040c9909cb6969
COLLECT_GCC_OPTIONS='-v' '-o' 'CMakeFiles/cmTC_7f70a.dir/CMakeCCompilerABI.c.o' '-c' '-mtune=generic' '-march=x86-64'
 as -v --64 -o CMakeFiles/cmTC_7f70a.dir/CMakeCCompilerABI.c.o /tmp/ccyA92At.s
GNU assembler version 2.34 (x86_64-linux-gnu) using BFD version (GNU Binutils for Ubuntu) 2.34
COMPILER_PATH=/usr/lib/gcc/x86_64-linux-gnu/9/:/usr/lib/gcc/x86_64-linux-gnu/9/:/usr/lib/gcc/x86_64-linux-gnu/:/usr/lib/gcc/x86_64-linux-gnu/9/:/usr/lib/gcc/x86_64-linux-gnu/
LIBRARY_PATH=/opt/intel/oneapi/mpi/2021.5.1//libfabric/lib/../lib/:/opt/intel/oneapi/mpi/2021.5.1//lib/../lib/:/opt/intel/oneapi/compiler/2022.0.2/linux/lib/../lib/:/usr/lib/gcc/x86_64-linux-gnu/9/:/usr/lib/gcc/x86_64-linux-gnu/9/../../../x86_64-linux-gnu/:/usr/lib/gcc/x86_64-linux-gnu/9/../../../../lib/:/lib/x86_64-linux-gnu/:/lib/../lib/:/usr/lib/x86_64-linux-gnu/:/usr/lib/../lib/:/opt/intel/oneapi/tbb/2021.5.1/env/../lib/intel64/gcc4.8/:/opt/intel/oneapi/mpi/2021.5.1//libfabric/lib/:/opt/intel/oneapi/mpi/2021.5.1//lib/release/:/opt/intel/oneapi/mpi/2021.5.1//lib/:/opt/intel/oneapi/mkl/2022.0.2/lib/intel64/:/opt/intel/oneapi/ipp/2021.5.2/lib/intel64/:/opt/intel/oneapi/compiler/2022.0.2/linux/compiler/lib/intel64_lin/:/opt/intel/oneapi/compiler/2022.0.2/linux/lib/:/opt/intel/oneapi/clck/2021.5.0/lib/intel64/:/opt/intel/oneapi/ccl/2021.5.1/lib/cpu_gpu_dpcpp/:/usr/lib/gcc/x86_64-linux-gnu/9/../../../:/lib/:/usr/lib/
COLLECT_GCC_OPTIONS='-v' '-o' 'CMakeFiles/cmTC_7f70a.dir/CMakeCCompilerABI.c.o' '-c' '-mtune=generic' '-march=x86-64'
Linking C executable cmTC_7f70a
/usr/bin/cmake -E cmake_link_script CMakeFiles/cmTC_7f70a.dir/link.txt --verbose=1
/usr/bin/cc     -v -rdynamic CMakeFiles/cmTC_7f70a.dir/CMakeCCompilerABI.c.o  -o cmTC_7f70a 
Using built-in specs.
COLLECT_GCC=/usr/bin/cc
COLLECT_LTO_WRAPPER=/usr/lib/gcc/x86_64-linux-gnu/9/lto-wrapper
OFFLOAD_TARGET_NAMES=nvptx-none:hsa
OFFLOAD_TARGET_DEFAULT=1
Target: x86_64-linux-gnu
Configured with: ../src/configure -v --with-pkgversion='Ubuntu 9.3.0-17ubuntu1~20.04' --with-bugurl=file:///usr/share/doc/gcc-9/README.Bugs --enable-languages=c,ada,c++,go,brig,d,fortran,objc,obj-c++,gm2 --prefix=/usr --with-gcc-major-version-only --program-suffix=-9 --program-prefix=x86_64-linux-gnu- --enable-shared --enable-linker-build-id --libexecdir=/usr/lib --without-included-gettext --enable-threads=posix --libdir=/usr/lib --enable-nls --enable-clocale=gnu --enable-libstdcxx-debug --enable-libstdcxx-time=yes --with-default-libstdcxx-abi=new --enable-gnu-unique-object --disable-vtable-verify --enable-plugin --enable-default-pie --with-system-zlib --with-target-system-zlib=auto --enable-objc-gc=auto --enable-multiarch --disable-werror --with-arch-32=i686 --with-abi=m64 --with-multilib-list=m32,m64,mx32 --enable-multilib --with-tune=generic --enable-offload-targets=nvptx-none=/build/gcc-9-HskZEa/gcc-9-9.3.0/debian/tmp-nvptx/usr,hsa --without-cuda-driver --enable-checking=release --build=x86_64-linux-gnu --host=x86_64-linux-gnu --target=x86_64-linux-gnu
Thread model: posix
gcc version 9.3.0 (Ubuntu 9.3.0-17ubuntu1~20.04) 
COMPILER_PATH=/usr/lib/gcc/x86_64-linux-gnu/9/:/usr/lib/gcc/x86_64-linux-gnu/9/:/usr/lib/gcc/x86_64-linux-gnu/:/usr/lib/gcc/x86_64-linux-gnu/9/:/usr/lib/gcc/x86_64-linux-gnu/
LIBRARY_PATH=/opt/intel/oneapi/mpi/2021.5.1//libfabric/lib/../lib/:/opt/intel/oneapi/mpi/2021.5.1//lib/../lib/:/opt/intel/oneapi/compiler/2022.0.2/linux/lib/../lib/:/usr/lib/gcc/x86_64-linux-gnu/9/:/usr/lib/gcc/x86_64-linux-gnu/9/../../../x86_64-linux-gnu/:/usr/lib/gcc/x86_64-linux-gnu/9/../../../../lib/:/lib/x86_64-linux-gnu/:/lib/../lib/:/usr/lib/x86_64-linux-gnu/:/usr/lib/../lib/:/opt/intel/oneapi/tbb/2021.5.1/env/../lib/intel64/gcc4.8/:/opt/intel/oneapi/mpi/2021.5.1//libfabric/lib/:/opt/intel/oneapi/mpi/2021.5.1//lib/release/:/opt/intel/oneapi/mpi/2021.5.1//lib/:/opt/intel/oneapi/mkl/2022.0.2/lib/intel64/:/opt/intel/oneapi/ipp/2021.5.2/lib/intel64/:/opt/intel/oneapi/compiler/2022.0.2/linux/compiler/lib/intel64_lin/:/opt/intel/oneapi/compiler/2022.0.2/linux/lib/:/opt/intel/oneapi/clck/2021.5.0/lib/intel64/:/opt/intel/oneapi/ccl/2021.5.1/lib/cpu_gpu_dpcpp/:/usr/lib/gcc/x86_64-linux-gnu/9/../../../:/lib/:/usr/lib/
COLLECT_GCC_OPTIONS='-v' '-rdynamic' '-o' 'cmTC_7f70a' '-mtune=generic' '-march=x86-64'
 /usr/lib/gcc/x86_64-linux-gnu/9/collect2 -plugin /usr/lib/gcc/x86_64-linux-gnu/9/liblto_plugin.so -plugin-opt=/usr/lib/gcc/x86_64-linux-gnu/9/lto-wrapper -plugin-opt=-fresolution=/tmp/cckbYKBW.res -plugin-opt=-pass-through=-lgcc -plugin-opt=-pass-through=-lgcc_s -plugin-opt=-pass-through=-lc -plugin-opt=-pass-through=-lgcc -plugin-opt=-pass-through=-lgcc_s --build-id --eh-frame-hdr -m elf_x86_64 --hash-style=gnu --as-needed -export-dynamic -dynamic-linker /lib64/ld-linux-x86-64.so.2 -pie -z now -z relro -o cmTC_7f70a /usr/lib/gcc/x86_64-linux-gnu/9/../../../x86_64-linux-gnu/Scrt1.o /usr/lib/gcc/x86_64-linux-gnu/9/../../../x86_64-linux-gnu/crti.o /usr/lib/gcc/x86_64-linux-gnu/9/crtbeginS.o -L/opt/intel/oneapi/mpi/2021.5.1//libfabric/lib/../lib -L/opt/intel/oneapi/mpi/2021.5.1//lib/../lib -L/opt/intel/oneapi/compiler/2022.0.2/linux/lib/../lib -L/usr/lib/gcc/x86_64-linux-gnu/9 -L/usr/lib/gcc/x86_64-linux-gnu/9/../../../x86_64-linux-gnu -L/usr/lib/gcc/x86_64-linux-gnu/9/../../../../lib -L/lib/x86_64-linux-gnu -L/lib/../lib -L/usr/lib/x86_64-linux-gnu -L/usr/lib/../lib -L/opt/intel/oneapi/tbb/2021.5.1/env/../lib/intel64/gcc4.8 -L/opt/intel/oneapi/mpi/2021.5.1//libfabric/lib -L/opt/intel/oneapi/mpi/2021.5.1//lib/release -L/opt/intel/oneapi/mpi/2021.5.1//lib -L/opt/intel/oneapi/mkl/2022.0.2/lib/intel64 -L/opt/intel/oneapi/ipp/2021.5.2/lib/intel64 -L/opt/intel/oneapi/compiler/2022.0.2/linux/compiler/lib/intel64_lin -L/opt/intel/oneapi/compiler/2022.0.2/linux/lib -L/opt/intel/oneapi/clck/2021.5.0/lib/intel64 -L/opt/intel/oneapi/ccl/2021.5.1/lib/cpu_gpu_dpcpp -L/usr/lib/gcc/x86_64-linux-gnu/9/../../.. CMakeFiles/cmTC_7f70a.dir/CMakeCCompilerABI.c.o -lgcc --push-state --as-needed -lgcc_s --pop-state -lc -lgcc --push-state --as-needed -lgcc_s --pop-state /usr/lib/gcc/x86_64-linux-gnu/9/crtendS.o /usr/lib/gcc/x86_64-linux-gnu/9/../../../x86_64-linux-gnu/crtn.o
COLLECT_GCC_OPTIONS='-v' '-rdynamic' '-o' 'cmTC_7f70a' '-mtune=generic' '-march=x86-64'
make[1]: Leaving directory '/home/leibov/Documents/FC_SDNN/release/CMakeFiles/CMakeTmp'



Parsed C implicit include dir info from above output: rv=done
  found start of include info
  found start of implicit include info
    add: [/opt/intel/oneapi/tbb/2021.5.1/env/../include]
    add: [/opt/intel/oneapi/mpi/2021.5.1//include]
    add: [/opt/intel/oneapi/mkl/2022.0.2/include]
    add: [/opt/intel/oneapi/ipp/2021.5.2/include]
    add: [/opt/intel/oneapi/dpl/2021.6.0/linux/include]
    add: [/opt/intel/oneapi/dpcpp-ct/2022.0.0/include]
    add: [/opt/intel/oneapi/dev-utilities/2021.5.2/include]
    add: [/opt/intel/oneapi/ccl/2021.5.1/include/cpu_gpu_dpcpp]
    add: [/usr/lib/gcc/x86_64-linux-gnu/9/include]
    add: [/usr/local/include]
    add: [/usr/include/x86_64-linux-gnu]
    add: [/usr/include]
  end of search list found
  collapse include dir [/opt/intel/oneapi/tbb/2021.5.1/env/../include] ==> [/opt/intel/oneapi/tbb/2021.5.1/include]
  collapse include dir [/opt/intel/oneapi/mpi/2021.5.1//include] ==> [/opt/intel/oneapi/mpi/2021.5.1/include]
  collapse include dir [/opt/intel/oneapi/mkl/2022.0.2/include] ==> [/opt/intel/oneapi/mkl/2022.0.2/include]
  collapse include dir [/opt/intel/oneapi/ipp/2021.5.2/include] ==> [/opt/intel/oneapi/ipp/2021.5.2/include]
  collapse include dir [/opt/intel/oneapi/dpl/2021.6.0/linux/include] ==> [/opt/intel/oneapi/dpl/2021.6.0/linux/include]
  collapse include dir [/opt/intel/oneapi/dpcpp-ct/2022.0.0/include] ==> [/opt/intel/oneapi/dpcpp-ct/2022.0.0/include]
  collapse include dir [/opt/intel/oneapi/dev-utilities/2021.5.2/include] ==> [/opt/intel/oneapi/dev-utilities/2021.5.2/include]
  collapse include dir [/opt/intel/oneapi/ccl/2021.5.1/include/cpu_gpu_dpcpp] ==> [/opt/intel/oneapi/ccl/2021.5.1/include/cpu_gpu_dpcpp]
  collapse include dir [/usr/lib/gcc/x86_64-linux-gnu/9/include] ==> [/usr/lib/gcc/x86_64-linux-gnu/9/include]
  collapse include dir [/usr/local/include] ==> [/usr/local/include]
  collapse include dir [/usr/include/x86_64-linux-gnu] ==> [/usr/include/x86_64-linux-gnu]
  collapse include dir [/usr/include] ==> [/usr/include]
  implicit include dirs: [/opt/intel/oneapi/tbb/2021.5.1/include;/opt/intel/oneapi/mpi/2021.5.1/include;/opt/intel/oneapi/mkl/2022.0.2/include;/opt/intel/oneapi/ipp/2021.5.2/include;/opt/intel/oneapi/dpl/2021.6.0/linux/include;/opt/intel/oneapi/dpcpp-ct/2022.0.0/include;/opt/intel/oneapi/dev-utilities/2021.5.2/include;/opt/intel/oneapi/ccl/2021.5.1/include/cpu_gpu_dpcpp;/usr/lib/gcc/x86_64-linux-gnu/9/include;/usr/local/include;/usr/include/x86_64-linux-gnu;/usr/include]


Parsed C implicit link information from above output:
  link line regex: [^( *|.*[/\])(ld|CMAKE_LINK_STARTFILE-NOTFOUND|([^/\]+-)?ld|collect2)[^/\]*( |$)]
  ignore line: [Change Dir: /home/leibov/Documents/FC_SDNN/release/CMakeFiles/CMakeTmp]
  ignore line: []
  ignore line: [Run Build Command(s):/usr/bin/make cmTC_7f70a/fast && /usr/bin/make -f CMakeFiles/cmTC_7f70a.dir/build.make CMakeFiles/cmTC_7f70a.dir/build]
  ignore line: [make[1]: Entering directory '/home/leibov/Documents/FC_SDNN/release/CMakeFiles/CMakeTmp']
  ignore line: [Building C object CMakeFiles/cmTC_7f70a.dir/CMakeCCompilerABI.c.o]
  ignore line: [/usr/bin/cc   -v -o CMakeFiles/cmTC_7f70a.dir/CMakeCCompilerABI.c.o   -c /usr/share/cmake-3.16/Modules/CMakeCCompilerABI.c]
  ignore line: [Using built-in specs.]
  ignore line: [COLLECT_GCC=/usr/bin/cc]
  ignore line: [OFFLOAD_TARGET_NAMES=nvptx-none:hsa]
  ignore line: [OFFLOAD_TARGET_DEFAULT=1]
  ignore line: [Target: x86_64-linux-gnu]
  ignore line: [Configured with: ../src/configure -v --with-pkgversion='Ubuntu 9.3.0-17ubuntu1~20.04' --with-bugurl=file:///usr/share/doc/gcc-9/README.Bugs --enable-languages=c ada c++ go brig d fortran objc obj-c++ gm2 --prefix=/usr --with-gcc-major-version-only --program-suffix=-9 --program-prefix=x86_64-linux-gnu- --enable-shared --enable-linker-build-id --libexecdir=/usr/lib --without-included-gettext --enable-threads=posix --libdir=/usr/lib --enable-nls --enable-clocale=gnu --enable-libstdcxx-debug --enable-libstdcxx-time=yes --with-default-libstdcxx-abi=new --enable-gnu-unique-object --disable-vtable-verify --enable-plugin --enable-default-pie --with-system-zlib --with-target-system-zlib=auto --enable-objc-gc=auto --enable-multiarch --disable-werror --with-arch-32=i686 --with-abi=m64 --with-multilib-list=m32 m64 mx32 --enable-multilib --with-tune=generic --enable-offload-targets=nvptx-none=/build/gcc-9-HskZEa/gcc-9-9.3.0/debian/tmp-nvptx/usr hsa --without-cuda-driver --enable-checking=release --build=x86_64-linux-gnu --host=x86_64-linux-gnu --target=x86_64-linux-gnu]
  ignore line: [Thread model: posix]
  ignore line: [gcc version 9.3.0 (Ubuntu 9.3.0-17ubuntu1~20.04) ]
  ignore line: [COLLECT_GCC_OPTIONS='-v' '-o' 'CMakeFiles/cmTC_7f70a.dir/CMakeCCompilerABI.c.o' '-c' '-mtune=generic' '-march=x86-64']
  ignore line: [ /usr/lib/gcc/x86_64-linux-gnu/9/cc1 -quiet -v -imultiarch x86_64-linux-gnu /usr/share/cmake-3.16/Modules/CMakeCCompilerABI.c -quiet -dumpbase CMakeCCompilerABI.c -mtune=generic -march=x86-64 -auxbase-strip CMakeFiles/cmTC_7f70a.dir/CMakeCCompilerABI.c.o -version -fasynchronous-unwind-tables -fstack-protector-strong -Wformat -Wformat-security -fstack-clash-protection -fcf-protection -o /tmp/ccyA92At.s]
  ignore line: [GNU C17 (Ubuntu 9.3.0-17ubuntu1~20.04) version 9.3.0 (x86_64-linux-gnu)]
  ignore line: [	compiled by GNU C version 9.3.0  GMP version 6.2.0  MPFR version 4.0.2  MPC version 1.1.0  isl version isl-0.22.1-GMP]
  ignore line: []
  ignore line: [GGC heuristics: --param ggc-min-expand=100 --param ggc-min-heapsize=131072]
  ignore line: [ignoring nonexistent directory "/usr/local/include/x86_64-linux-gnu"]
  ignore line: [ignoring nonexistent directory "/usr/lib/gcc/x86_64-linux-gnu/9/include-fixed"]
  ignore line: [ignoring nonexistent directory "/usr/lib/gcc/x86_64-linux-gnu/9/../../../../x86_64-linux-gnu/include"]
  ignore line: [#include "..." search starts here:]
  ignore line: [#include <...> search starts here:]
  ignore line: [ /opt/intel/oneapi/tbb/2021.5.1/env/../include]
  ignore line: [ /opt/intel/oneapi/mpi/2021.5.1//include]
  ignore line: [ /opt/intel/oneapi/mkl/2022.0.2/include]
  ignore line: [ /opt/intel/oneapi/ipp/2021.5.2/include]
  ignore line: [ /opt/intel/oneapi/dpl/2021.6.0/linux/include]
  ignore line: [ /opt/intel/oneapi/dpcpp-ct/2022.0.0/include]
  ignore line: [ /opt/intel/oneapi/dev-utilities/2021.5.2/include]
  ignore line: [ /opt/intel/oneapi/ccl/2021.5.1/include/cpu_gpu_dpcpp]
  ignore line: [ /usr/lib/gcc/x86_64-linux-gnu/9/include]
  ignore line: [ /usr/local/include]
  ignore line: [ /usr/include/x86_64-linux-gnu]
  ignore line: [ /usr/include]
  ignore line: [End of search list.]
  ignore line: [GNU C17 (Ubuntu 9.3.0-17ubuntu1~20.04) version 9.3.0 (x86_64-linux-gnu)]
  ignore line: [	compiled by GNU C version 9.3.0  GMP version 6.2.0  MPFR version 4.0.2  MPC version 1.1.0  isl version isl-0.22.1-GMP]
  ignore line: []
  ignore line: [GGC heuristics: --param ggc-min-expand=100 --param ggc-min-heapsize=131072]
  ignore line: [Compiler executable checksum: bbf13931d8de1abe14040c9909cb6969]
  ignore line: [COLLECT_GCC_OPTIONS='-v' '-o' 'CMakeFiles/cmTC_7f70a.dir/CMakeCCompilerABI.c.o' '-c' '-mtune=generic' '-march=x86-64']
  ignore line: [ as -v --64 -o CMakeFiles/cmTC_7f70a.dir/CMakeCCompilerABI.c.o /tmp/ccyA92At.s]
  ignore line: [GNU assembler version 2.34 (x86_64-linux-gnu) using BFD version (GNU Binutils for Ubuntu) 2.34]
  ignore line: [COMPILER_PATH=/usr/lib/gcc/x86_64-linux-gnu/9/:/usr/lib/gcc/x86_64-linux-gnu/9/:/usr/lib/gcc/x86_64-linux-gnu/:/usr/lib/gcc/x86_64-linux-gnu/9/:/usr/lib/gcc/x86_64-linux-gnu/]
  ignore line: [LIBRARY_PATH=/opt/intel/oneapi/mpi/2021.5.1//libfabric/lib/../lib/:/opt/intel/oneapi/mpi/2021.5.1//lib/../lib/:/opt/intel/oneapi/compiler/2022.0.2/linux/lib/../lib/:/usr/lib/gcc/x86_64-linux-gnu/9/:/usr/lib/gcc/x86_64-linux-gnu/9/../../../x86_64-linux-gnu/:/usr/lib/gcc/x86_64-linux-gnu/9/../../../../lib/:/lib/x86_64-linux-gnu/:/lib/../lib/:/usr/lib/x86_64-linux-gnu/:/usr/lib/../lib/:/opt/intel/oneapi/tbb/2021.5.1/env/../lib/intel64/gcc4.8/:/opt/intel/oneapi/mpi/2021.5.1//libfabric/lib/:/opt/intel/oneapi/mpi/2021.5.1//lib/release/:/opt/intel/oneapi/mpi/2021.5.1//lib/:/opt/intel/oneapi/mkl/2022.0.2/lib/intel64/:/opt/intel/oneapi/ipp/2021.5.2/lib/intel64/:/opt/intel/oneapi/compiler/2022.0.2/linux/compiler/lib/intel64_lin/:/opt/intel/oneapi/compiler/2022.0.2/linux/lib/:/opt/intel/oneapi/clck/2021.5.0/lib/intel64/:/opt/intel/oneapi/ccl/2021.5.1/lib/cpu_gpu_dpcpp/:/usr/lib/gcc/x86_64-linux-gnu/9/../../../:/lib/:/usr/lib/]
  ignore line: [COLLECT_GCC_OPTIONS='-v' '-o' 'CMakeFiles/cmTC_7f70a.dir/CMakeCCompilerABI.c.o' '-c' '-mtune=generic' '-march=x86-64']
  ignore line: [Linking C executable cmTC_7f70a]
  ignore line: [/usr/bin/cmake -E cmake_link_script CMakeFiles/cmTC_7f70a.dir/link.txt --verbose=1]
  ignore line: [/usr/bin/cc     -v -rdynamic CMakeFiles/cmTC_7f70a.dir/CMakeCCompilerABI.c.o  -o cmTC_7f70a ]
  ignore line: [Using built-in specs.]
  ignore line: [COLLECT_GCC=/usr/bin/cc]
  ignore line: [COLLECT_LTO_WRAPPER=/usr/lib/gcc/x86_64-linux-gnu/9/lto-wrapper]
  ignore line: [OFFLOAD_TARGET_NAMES=nvptx-none:hsa]
  ignore line: [OFFLOAD_TARGET_DEFAULT=1]
  ignore line: [Target: x86_64-linux-gnu]
  ignore line: [Configured with: ../src/configure -v --with-pkgversion='Ubuntu 9.3.0-17ubuntu1~20.04' --with-bugurl=file:///usr/share/doc/gcc-9/README.Bugs --enable-languages=c ada c++ go brig d fortran objc obj-c++ gm2 --prefix=/usr --with-gcc-major-version-only --program-suffix=-9 --program-prefix=x86_64-linux-gnu- --enable-shared --enable-linker-build-id --libexecdir=/usr/lib --without-included-gettext --enable-threads=posix --libdir=/usr/lib --enable-nls --enable-clocale=gnu --enable-libstdcxx-debug --enable-libstdcxx-time=yes --with-default-libstdcxx-abi=new --enable-gnu-unique-object --disable-vtable-verify --enable-plugin --enable-default-pie --with-system-zlib --with-target-system-zlib=auto --enable-objc-gc=auto --enable-multiarch --disable-werror --with-arch-32=i686 --with-abi=m64 --with-multilib-list=m32 m64 mx32 --enable-multilib --with-tune=generic --enable-offload-targets=nvptx-none=/build/gcc-9-HskZEa/gcc-9-9.3.0/debian/tmp-nvptx/usr hsa --without-cuda-driver --enable-checking=release --build=x86_64-linux-gnu --host=x86_64-linux-gnu --target=x86_64-linux-gnu]
  ignore line: [Thread model: posix]
  ignore line: [gcc version 9.3.0 (Ubuntu 9.3.0-17ubuntu1~20.04) ]
  ignore line: [COMPILER_PATH=/usr/lib/gcc/x86_64-linux-gnu/9/:/usr/lib/gcc/x86_64-linux-gnu/9/:/usr/lib/gcc/x86_64-linux-gnu/:/usr/lib/gcc/x86_64-linux-gnu/9/:/usr/lib/gcc/x86_64-linux-gnu/]
  ignore line: [LIBRARY_PATH=/opt/intel/oneapi/mpi/2021.5.1//libfabric/lib/../lib/:/opt/intel/oneapi/mpi/2021.5.1//lib/../lib/:/opt/intel/oneapi/compiler/2022.0.2/linux/lib/../lib/:/usr/lib/gcc/x86_64-linux-gnu/9/:/usr/lib/gcc/x86_64-linux-gnu/9/../../../x86_64-linux-gnu/:/usr/lib/gcc/x86_64-linux-gnu/9/../../../../lib/:/lib/x86_64-linux-gnu/:/lib/../lib/:/usr/lib/x86_64-linux-gnu/:/usr/lib/../lib/:/opt/intel/oneapi/tbb/2021.5.1/env/../lib/intel64/gcc4.8/:/opt/intel/oneapi/mpi/2021.5.1//libfabric/lib/:/opt/intel/oneapi/mpi/2021.5.1//lib/release/:/opt/intel/oneapi/mpi/2021.5.1//lib/:/opt/intel/oneapi/mkl/2022.0.2/lib/intel64/:/opt/intel/oneapi/ipp/2021.5.2/lib/intel64/:/opt/intel/oneapi/compiler/2022.0.2/linux/compiler/lib/intel64_lin/:/opt/intel/oneapi/compiler/2022.0.2/linux/lib/:/opt/intel/oneapi/clck/2021.5.0/lib/intel64/:/opt/intel/oneapi/ccl/2021.5.1/lib/cpu_gpu_dpcpp/:/usr/lib/gcc/x86_64-linux-gnu/9/../../../:/lib/:/usr/lib/]
  ignore line: [COLLECT_GCC_OPTIONS='-v' '-rdynamic' '-o' 'cmTC_7f70a' '-mtune=generic' '-march=x86-64']
  link line: [ /usr/lib/gcc/x86_64-linux-gnu/9/collect2 -plugin /usr/lib/gcc/x86_64-linux-gnu/9/liblto_plugin.so -plugin-opt=/usr/lib/gcc/x86_64-linux-gnu/9/lto-wrapper -plugin-opt=-fresolution=/tmp/cckbYKBW.res -plugin-opt=-pass-through=-lgcc -plugin-opt=-pass-through=-lgcc_s -plugin-opt=-pass-through=-lc -plugin-opt=-pass-through=-lgcc -plugin-opt=-pass-through=-lgcc_s --build-id --eh-frame-hdr -m elf_x86_64 --hash-style=gnu --as-needed -export-dynamic -dynamic-linker /lib64/ld-linux-x86-64.so.2 -pie -z now -z relro -o cmTC_7f70a /usr/lib/gcc/x86_64-linux-gnu/9/../../../x86_64-linux-gnu/Scrt1.o /usr/lib/gcc/x86_64-linux-gnu/9/../../../x86_64-linux-gnu/crti.o /usr/lib/gcc/x86_64-linux-gnu/9/crtbeginS.o -L/opt/intel/oneapi/mpi/2021.5.1//libfabric/lib/../lib -L/opt/intel/oneapi/mpi/2021.5.1//lib/../lib -L/opt/intel/oneapi/compiler/2022.0.2/linux/lib/../lib -L/usr/lib/gcc/x86_64-linux-gnu/9 -L/usr/lib/gcc/x86_64-linux-gnu/9/../../../x86_64-linux-gnu -L/usr/lib/gcc/x86_64-linux-gnu/9/../../../../lib -L/lib/x86_64-linux-gnu -L/lib/../lib -L/usr/lib/x86_64-linux-gnu -L/usr/lib/../lib -L/opt/intel/oneapi/tbb/2021.5.1/env/../lib/intel64/gcc4.8 -L/opt/intel/oneapi/mpi/2021.5.1//libfabric/lib -L/opt/intel/oneapi/mpi/2021.5.1//lib/release -L/opt/intel/oneapi/mpi/2021.5.1//lib -L/opt/intel/oneapi/mkl/2022.0.2/lib/intel64 -L/opt/intel/oneapi/ipp/2021.5.2/lib/intel64 -L/opt/intel/oneapi/compiler/2022.0.2/linux/compiler/lib/intel64_lin -L/opt/intel/oneapi/compiler/2022.0.2/linux/lib -L/opt/intel/oneapi/clck/2021.5.0/lib/intel64 -L/opt/intel/oneapi/ccl/2021.5.1/lib/cpu_gpu_dpcpp -L/usr/lib/gcc/x86_64-linux-gnu/9/../../.. CMakeFiles/cmTC_7f70a.dir/CMakeCCompilerABI.c.o -lgcc --push-state --as-needed -lgcc_s --pop-state -lc -lgcc --push-state --as-needed -lgcc_s --pop-state /usr/lib/gcc/x86_64-linux-gnu/9/crtendS.o /usr/lib/gcc/x86_64-linux-gnu/9/../../../x86_64-linux-gnu/crtn.o]
    arg [/usr/lib/gcc/x86_64-linux-gnu/9/collect2] ==> ignore
    arg [-plugin] ==> ignore
    arg [/usr/lib/gcc/x86_64-linux-gnu/9/liblto_plugin.so] ==> ignore
    arg [-plugin-opt=/usr/lib/gcc/x86_64-linux-gnu/9/lto-wrapper] ==> ignore
    arg [-plugin-opt=-fresolution=/tmp/cckbYKBW.res] ==> ignore
    arg [-plugin-opt=-pass-through=-lgcc] ==> ignore
    arg [-plugin-opt=-pass-through=-lgcc_s] ==> ignore
    arg [-plugin-opt=-pass-through=-lc] ==> ignore
    arg [-plugin-opt=-pass-through=-lgcc] ==> ignore
    arg [-plugin-opt=-pass-through=-lgcc_s] ==> ignore
    arg [--build-id] ==> ignore
    arg [--eh-frame-hdr] ==> ignore
    arg [-m] ==> ignore
    arg [elf_x86_64] ==> ignore
    arg [--hash-style=gnu] ==> ignore
    arg [--as-needed] ==> ignore
    arg [-export-dynamic] ==> ignore
    arg [-dynamic-linker] ==> ignore
    arg [/lib64/ld-linux-x86-64.so.2] ==> ignore
    arg [-pie] ==> ignore
    arg [-znow] ==> ignore
    arg [-zrelro] ==> ignore
    arg [-o] ==> ignore
    arg [cmTC_7f70a] ==> ignore
    arg [/usr/lib/gcc/x86_64-linux-gnu/9/../../../x86_64-linux-gnu/Scrt1.o] ==> ignore
    arg [/usr/lib/gcc/x86_64-linux-gnu/9/../../../x86_64-linux-gnu/crti.o] ==> ignore
    arg [/usr/lib/gcc/x86_64-linux-gnu/9/crtbeginS.o] ==> ignore
    arg [-L/opt/intel/oneapi/mpi/2021.5.1//libfabric/lib/../lib] ==> dir [/opt/intel/oneapi/mpi/2021.5.1//libfabric/lib/../lib]
    arg [-L/opt/intel/oneapi/mpi/2021.5.1//lib/../lib] ==> dir [/opt/intel/oneapi/mpi/2021.5.1//lib/../lib]
    arg [-L/opt/intel/oneapi/compiler/2022.0.2/linux/lib/../lib] ==> dir [/opt/intel/oneapi/compiler/2022.0.2/linux/lib/../lib]
    arg [-L/usr/lib/gcc/x86_64-linux-gnu/9] ==> dir [/usr/lib/gcc/x86_64-linux-gnu/9]
    arg [-L/usr/lib/gcc/x86_64-linux-gnu/9/../../../x86_64-linux-gnu] ==> dir [/usr/lib/gcc/x86_64-linux-gnu/9/../../../x86_64-linux-gnu]
    arg [-L/usr/lib/gcc/x86_64-linux-gnu/9/../../../../lib] ==> dir [/usr/lib/gcc/x86_64-linux-gnu/9/../../../../lib]
    arg [-L/lib/x86_64-linux-gnu] ==> dir [/lib/x86_64-linux-gnu]
    arg [-L/lib/../lib] ==> dir [/lib/../lib]
    arg [-L/usr/lib/x86_64-linux-gnu] ==> dir [/usr/lib/x86_64-linux-gnu]
    arg [-L/usr/lib/../lib] ==> dir [/usr/lib/../lib]
    arg [-L/opt/intel/oneapi/tbb/2021.5.1/env/../lib/intel64/gcc4.8] ==> dir [/opt/intel/oneapi/tbb/2021.5.1/env/../lib/intel64/gcc4.8]
    arg [-L/opt/intel/oneapi/mpi/2021.5.1//libfabric/lib] ==> dir [/opt/intel/oneapi/mpi/2021.5.1//libfabric/lib]
    arg [-L/opt/intel/oneapi/mpi/2021.5.1//lib/release] ==> dir [/opt/intel/oneapi/mpi/2021.5.1//lib/release]
    arg [-L/opt/intel/oneapi/mpi/2021.5.1//lib] ==> dir [/opt/intel/oneapi/mpi/2021.5.1//lib]
    arg [-L/opt/intel/oneapi/mkl/2022.0.2/lib/intel64] ==> dir [/opt/intel/oneapi/mkl/2022.0.2/lib/intel64]
    arg [-L/opt/intel/oneapi/ipp/2021.5.2/lib/intel64] ==> dir [/opt/intel/oneapi/ipp/2021.5.2/lib/intel64]
    arg [-L/opt/intel/oneapi/compiler/2022.0.2/linux/compiler/lib/intel64_lin] ==> dir [/opt/intel/oneapi/compiler/2022.0.2/linux/compiler/lib/intel64_lin]
    arg [-L/opt/intel/oneapi/compiler/2022.0.2/linux/lib] ==> dir [/opt/intel/oneapi/compiler/2022.0.2/linux/lib]
    arg [-L/opt/intel/oneapi/clck/2021.5.0/lib/intel64] ==> dir [/opt/intel/oneapi/clck/2021.5.0/lib/intel64]
    arg [-L/opt/intel/oneapi/ccl/2021.5.1/lib/cpu_gpu_dpcpp] ==> dir [/opt/intel/oneapi/ccl/2021.5.1/lib/cpu_gpu_dpcpp]
    arg [-L/usr/lib/gcc/x86_64-linux-gnu/9/../../..] ==> dir [/usr/lib/gcc/x86_64-linux-gnu/9/../../..]
    arg [CMakeFiles/cmTC_7f70a.dir/CMakeCCompilerABI.c.o] ==> ignore
    arg [-lgcc] ==> lib [gcc]
    arg [--push-state] ==> ignore
    arg [--as-needed] ==> ignore
    arg [-lgcc_s] ==> lib [gcc_s]
    arg [--pop-state] ==> ignore
    arg [-lc] ==> lib [c]
    arg [-lgcc] ==> lib [gcc]
    arg [--push-state] ==> ignore
    arg [--as-needed] ==> ignore
    arg [-lgcc_s] ==> lib [gcc_s]
    arg [--pop-state] ==> ignore
    arg [/usr/lib/gcc/x86_64-linux-gnu/9/crtendS.o] ==> ignore
    arg [/usr/lib/gcc/x86_64-linux-gnu/9/../../../x86_64-linux-gnu/crtn.o] ==> ignore
  collapse library dir [/opt/intel/oneapi/mpi/2021.5.1//libfabric/lib/../lib] ==> [/opt/intel/oneapi/mpi/2021.5.1/libfabric/lib]
  collapse library dir [/opt/intel/oneapi/mpi/2021.5.1//lib/../lib] ==> [/opt/intel/oneapi/mpi/2021.5.1/lib]
  collapse library dir [/opt/intel/oneapi/compiler/2022.0.2/linux/lib/../lib] ==> [/opt/intel/oneapi/compiler/2022.0.2/linux/lib]
  collapse library dir [/usr/lib/gcc/x86_64-linux-gnu/9] ==> [/usr/lib/gcc/x86_64-linux-gnu/9]
  collapse library dir [/usr/lib/gcc/x86_64-linux-gnu/9/../../../x86_64-linux-gnu] ==> [/usr/lib/x86_64-linux-gnu]
  collapse library dir [/usr/lib/gcc/x86_64-linux-gnu/9/../../../../lib] ==> [/usr/lib]
  collapse library dir [/lib/x86_64-linux-gnu] ==> [/lib/x86_64-linux-gnu]
  collapse library dir [/lib/../lib] ==> [/lib]
  collapse library dir [/usr/lib/x86_64-linux-gnu] ==> [/usr/lib/x86_64-linux-gnu]
  collapse library dir [/usr/lib/../lib] ==> [/usr/lib]
  collapse library dir [/opt/intel/oneapi/tbb/2021.5.1/env/../lib/intel64/gcc4.8] ==> [/opt/intel/oneapi/tbb/2021.5.1/lib/intel64/gcc4.8]
  collapse library dir [/opt/intel/oneapi/mpi/2021.5.1//libfabric/lib] ==> [/opt/intel/oneapi/mpi/2021.5.1/libfabric/lib]
  collapse library dir [/opt/intel/oneapi/mpi/2021.5.1//lib/release] ==> [/opt/intel/oneapi/mpi/2021.5.1/lib/release]
  collapse library dir [/opt/intel/oneapi/mpi/2021.5.1//lib] ==> [/opt/intel/oneapi/mpi/2021.5.1/lib]
  collapse library dir [/opt/intel/oneapi/mkl/2022.0.2/lib/intel64] ==> [/opt/intel/oneapi/mkl/2022.0.2/lib/intel64]
  collapse library dir [/opt/intel/oneapi/ipp/2021.5.2/lib/intel64] ==> [/opt/intel/oneapi/ipp/2021.5.2/lib/intel64]
  collapse library dir [/opt/intel/oneapi/compiler/2022.0.2/linux/compiler/lib/intel64_lin] ==> [/opt/intel/oneapi/compiler/2022.0.2/linux/compiler/lib/intel64_lin]
  collapse library dir [/opt/intel/oneapi/compiler/2022.0.2/linux/lib] ==> [/opt/intel/oneapi/compiler/2022.0.2/linux/lib]
  collapse library dir [/opt/intel/oneapi/clck/2021.5.0/lib/intel64] ==> [/opt/intel/oneapi/clck/2021.5.0/lib/intel64]
  collapse library dir [/opt/intel/oneapi/ccl/2021.5.1/lib/cpu_gpu_dpcpp] ==> [/opt/intel/oneapi/ccl/2021.5.1/lib/cpu_gpu_dpcpp]
  collapse library dir [/usr/lib/gcc/x86_64-linux-gnu/9/../../..] ==> [/usr/lib]
  implicit libs: [gcc;gcc_s;c;gcc;gcc_s]
  implicit dirs: [/opt/intel/oneapi/mpi/2021.5.1/libfabric/lib;/opt/intel/oneapi/mpi/2021.5.1/lib;/opt/intel/oneapi/compiler/2022.0.2/linux/lib;/usr/lib/gcc/x86_64-linux-gnu/9;/usr/lib/x86_64-linux-gnu;/usr/lib;/lib/x86_64-linux-gnu;/lib;/opt/intel/oneapi/tbb/2021.5.1/lib/intel64/gcc4.8;/opt/intel/oneapi/mpi/2021.5.1/lib/release;/opt/intel/oneapi/mkl/2022.0.2/lib/intel64;/opt/intel/oneapi/ipp/2021.5.2/lib/intel64;/opt/intel/oneapi/compiler/2022.0.2/linux/compiler/lib/intel64_lin;/opt/intel/oneapi/clck/2021.5.0/lib/intel64;/opt/intel/oneapi/ccl/2021.5.1/lib/cpu_gpu_dpcpp]
  implicit fwks: []


Determining if the CXX compiler works passed with the following output:
Change Dir: /home/leibov/Documents/FC_SDNN/release/CMakeFiles/CMakeTmp

Run Build Command(s):/usr/bin/make cmTC_38677/fast && /usr/bin/make -f CMakeFiles/cmTC_38677.dir/build.make CMakeFiles/cmTC_38677.dir/build
make[1]: Entering directory '/home/leibov/Documents/FC_SDNN/release/CMakeFiles/CMakeTmp'
Building CXX object CMakeFiles/cmTC_38677.dir/testCXXCompiler.cxx.o
/opt/intel/oneapi/compiler/2022.0.2/linux/bin/intel64/icpc     -o CMakeFiles/cmTC_38677.dir/testCXXCompiler.cxx.o -c /home/leibov/Documents/FC_SDNN/release/CMakeFiles/CMakeTmp/testCXXCompiler.cxx
Linking CXX executable cmTC_38677
/usr/bin/cmake -E cmake_link_script CMakeFiles/cmTC_38677.dir/link.txt --verbose=1
/opt/intel/oneapi/compiler/2022.0.2/linux/bin/intel64/icpc       -rdynamic CMakeFiles/cmTC_38677.dir/testCXXCompiler.cxx.o  -o cmTC_38677 
make[1]: Leaving directory '/home/leibov/Documents/FC_SDNN/release/CMakeFiles/CMakeTmp'



Detecting CXX compiler ABI info compiled with the following output:
Change Dir: /home/leibov/Documents/FC_SDNN/release/CMakeFiles/CMakeTmp

Run Build Command(s):/usr/bin/make cmTC_7e0e9/fast && /usr/bin/make -f CMakeFiles/cmTC_7e0e9.dir/build.make CMakeFiles/cmTC_7e0e9.dir/build
make[1]: Entering directory '/home/leibov/Documents/FC_SDNN/release/CMakeFiles/CMakeTmp'
Building CXX object CMakeFiles/cmTC_7e0e9.dir/CMakeCXXCompilerABI.cpp.o
/opt/intel/oneapi/compiler/2022.0.2/linux/bin/intel64/icpc    -v -o CMakeFiles/cmTC_7e0e9.dir/CMakeCXXCompilerABI.cpp.o -c /usr/share/cmake-3.16/Modules/CMakeCXXCompilerABI.cpp
icpc version 2021.5.0 (gcc version 9.3.0 compatibility)
/opt/intel/oneapi/compiler/2022.0.2/linux/bin/intel64/../../bin/intel64/mcpcom    --target_efi2 --lang=c++ -_g -mP3OPT_inline_alloca -D__ICC=2021 -D__INTEL_COMPILER=2021 -D__INTEL_COMPILER_UPDATE=5 -D__PTRDIFF_TYPE__=long "-D__SIZE_TYPE__=unsigned long" -D__WCHAR_TYPE__=int "-D__WINT_TYPE__=unsigned int" "-D__INTMAX_TYPE__=long int" "-D__UINTMAX_TYPE__=long unsigned int" -D__GLIBCXX_TYPE_INT_N_0=__int128 -D__GLIBCXX_BITSIZE_INT_N_0=128 -D__LONG_MAX__=9223372036854775807L -D__QMSPP_ -D__OPTIMIZE__ -D__NO_MATH_INLINES -D__NO_STRING_INLINES -D__GNUC_GNU_INLINE__ -D__GNUG__=9 -D__GNUC__=9 -D__GNUC_MINOR__=3 -D__GNUC_PATCHLEVEL__=0 -D__LP64__ -D_LP64 -D_GNU_SOURCE=1 -D__DEPRECATED=1 -D__GXX_WEAK__=1 -D__GXX_ABI_VERSION=1010 "-D__USER_LABEL_PREFIX__= " -D__REGISTER_PREFIX__= -D__INTEL_RTTI__ -D__EXCEPTIONS=1 -D__unix__ -D__unix -D__linux__ -D__linux -D__gnu_linux__ -B -Dunix -Dlinux "-_Asystem(unix)" -D__ELF__ -D__x86_64 -D__x86_64__ -D__amd64 -D__amd64__ "-_Acpu(x86_64)" "-_Amachine(x86_64)" -D__INTEL_COMPILER_BUILD_DATE=20211109 -D__INTEL_OFFLOAD -D__MMX__ -D__SSE__ -D__SSE_MATH__ -D__SSE2__ -D__SSE2_MATH__ -D__pentium4 -D__pentium4__ -D__tune_pentium4__ -_k -_8 -_l --has_new_stdarg_support -_a -_b --gnu_version=90300 -_W5 -p --bool -tused -x --openmp_simd --noopenmp_offload --multibyte_chars -mGLOB_diag_suppress_sys --system_preinclude /usr/include/stdc-predef.h -I/opt/intel/oneapi/tbb/2021.5.1/env/../include -I/opt/intel/oneapi/mpi/2021.5.1//include -I/opt/intel/oneapi/mkl/2022.0.2/include -I/opt/intel/oneapi/ipp/2021.5.2/include -I/opt/intel/oneapi/dpl/2021.6.0/linux/include -I/opt/intel/oneapi/dpcpp-ct/2022.0.0/include -I/opt/intel/oneapi/dev-utilities/2021.5.2/include -I/opt/intel/oneapi/ccl/2021.5.1/include/cpu_gpu_dpcpp --array_section --simd --simd_func --offload_mode=1 --offload_target_names=mic,MIC --offload_unique_string=icpc1857892424ye8XRV --bool -mGLOB_em64t=TRUE -mP1OPT_version=2021.5.0-intel64 -mGLOB_diag_file=CMakeFiles/cmTC_7e0e9.dir/CMakeCXXCompilerABI.cpp.diag -mGLOB_long_size_64 -mGLOB_routine_pointer_size_64 -mP1OPT_print_version=FALSE -mCG_use_gas_got_workaround=F -mP2OPT_align_option_used=TRUE -mGLOB_gcc_version=930 "-mGLOB_options_string=-v -o CMakeFiles/cmTC_7e0e9.dir/CMakeCXXCompilerABI.cpp.o -c" -mGLOB_cxx_limited_range=FALSE -mCG_extend_parms=FALSE -mGLOB_compiler_bin_directory=/opt/intel/oneapi/compiler/2022.0.2/linux/bin/intel64/../../bin/intel64 -mGLOB_as_output_backup_file_name=/tmp/icpcVu52xTas_.s -mIPOPT_activate -mIPOPT_lite -mGLOB_uarch_tuning=0x0 -mGLOB_product_id_code=0x22006d90 -mCG_bnl_movbe=T -mP3OPT_use_mspp_call_convention -mP2OPT_subs_out_of_bound=FALSE -mP2OPT_disam_type_based_disam=2 -mP2OPT_disam_assume_ansi_c -mP2OPT_checked_disam_ansi_alias=TRUE -mGLOB_ansi_alias -mPGOPTI_value_profile_use=T -mP2OPT_il0_array_sections=TRUE -mGLOB_offload_mode=1 -mGLOB_offload_no_openmp=TRUE -mP2OPT_offload_unique_var_string=icpc1857892424ye8XRV -mP2OPT_hlo_level=2 -mP2OPT_hlo -mP2OPT_hpo_rtt_control=0 -mIPOPT_args_in_regs=0 -mP2OPT_disam_assume_nonstd_intent_in=FALSE -mGLOB_imf_mapping_library=/opt/intel/oneapi/compiler/2022.0.2/linux/bin/intel64/../../bin/intel64/libiml_attr.so -mPGOPTI_gen_threadsafe_level=0 -mIPOPT_lto_object_enabled -mIPOPT_lto_object_value=1 -mIPOPT_obj_output_file_name=CMakeFiles/cmTC_7e0e9.dir/CMakeCXXCompilerABI.cpp.o -mIPOPT_whole_archive_fixup_file_name=/tmp/icpcwarchyrRsgS -mGLOB_linker_version=2.34 -mGLOB_linker=ld -mGLOB_driver_tempfile_name=/tmp/icpctempfilezLfH6S -mP3OPT_asm_target=P3OPT_ASM_TARGET_GAS -mGLOB_async_unwind_tables=TRUE -mGLOB_obj_output_file=CMakeFiles/cmTC_7e0e9.dir/CMakeCXXCompilerABI.cpp.o -mGLOB_source_dialect=GLOB_SOURCE_DIALECT_C_PLUS_PLUS -mP1OPT_source_file_name=/usr/share/cmake-3.16/Modules/CMakeCXXCompilerABI.cpp -mP1OPT_full_source_file_name=/usr/share/cmake-3.16/Modules/CMakeCXXCompilerABI.cpp -mGLOB_eh_linux /usr/share/cmake-3.16/Modules/CMakeCXXCompilerABI.cpp
#include "..." search starts here:
#include <...> search starts here:
 /opt/intel/oneapi/tbb/2021.5.1/env/../include
 /opt/intel/oneapi/mpi/2021.5.1//include
 /opt/intel/oneapi/mkl/2022.0.2/include
 /opt/intel/oneapi/ipp/2021.5.2/include
 /opt/intel/oneapi/dpl/2021.6.0/linux/include
 /opt/intel/oneapi/dpcpp-ct/2022.0.0/include
 /opt/intel/oneapi/dev-utilities/2021.5.2/include
 /opt/intel/oneapi/ccl/2021.5.1/include/cpu_gpu_dpcpp
 /opt/intel/oneapi/clck/2021.5.0/include
 /opt/intel/oneapi/compiler/2022.0.2/linux/bin/intel64/../../compiler/include/intel64
 /opt/intel/oneapi/compiler/2022.0.2/linux/bin/intel64/../../compiler/include/icc
 /opt/intel/oneapi/compiler/2022.0.2/linux/bin/intel64/../../compiler/include
 /usr/include/c++/9
 /usr/include/c++/9/backward
 /usr/local/include
 /usr/lib/gcc/x86_64-linux-gnu/9/include
 /usr/include/
 /usr/include
 /usr/include/x86_64-linux-gnu
 /usr/include/x86_64-linux-gnu/c++/9
End of search list.
Linking CXX executable cmTC_7e0e9
/usr/bin/cmake -E cmake_link_script CMakeFiles/cmTC_7e0e9.dir/link.txt --verbose=1
/opt/intel/oneapi/compiler/2022.0.2/linux/bin/intel64/icpc      -v -rdynamic CMakeFiles/cmTC_7e0e9.dir/CMakeCXXCompilerABI.cpp.o  -o cmTC_7e0e9 
icpc version 2021.5.0 (gcc version 9.3.0 compatibility)
/opt/intel/oneapi/compiler/2022.0.2/linux/bin/intel64/../../bin/intel64/mcpcom    -mGLOB_em64t=TRUE -mP1OPT_version=2021.5.0-intel64 -mGLOB_diag_file=CMakeFiles/cmTC_7e0e9.dir/CMakeCXXCompilerABI.cpp.diag -mGLOB_long_size_64 -mGLOB_routine_pointer_size_64 -mP1OPT_print_version=FALSE -mCG_use_gas_got_workaround=F -mP2OPT_align_option_used=TRUE -mGLOB_gcc_version=930 "-mGLOB_options_string=-v -rdynamic -o cmTC_7e0e9" -mGLOB_cxx_limited_range=FALSE -mCG_extend_parms=FALSE -mGLOB_compiler_bin_directory=/opt/intel/oneapi/compiler/2022.0.2/linux/bin/intel64/../../bin/intel64 -mGLOB_as_output_backup_file_name=/tmp/icpc2GWvDxas_.s -mGLOB_dashboard_use_source_name -mIPOPT_activate -mGLOB_product_id_code=0x22006d90 -mP3OPT_use_mspp_call_convention -mP2OPT_subs_out_of_bound=FALSE -mP2OPT_disam_type_based_disam=2 -mP2OPT_disam_assume_ansi_c -mP2OPT_checked_disam_ansi_alias=TRUE -mGLOB_ansi_alias -mPGOPTI_value_profile_use=T -mGLOB_opt_report_use_source_name -mP2OPT_il0_array_sections=TRUE -mGLOB_offload_mode=1 -mGLOB_offload_no_openmp=TRUE -mP2OPT_offload_unique_var_string=icpc1167082090ids2cx -mP2OPT_hlo -mP2OPT_hpo_rtt_control=0 -mIPOPT_args_in_regs=0 -mP2OPT_disam_assume_nonstd_intent_in=FALSE -mGLOB_imf_mapping_library=/opt/intel/oneapi/compiler/2022.0.2/linux/bin/intel64/../../bin/intel64/libiml_attr.so -mPGOPTI_gen_threadsafe_level=0 -mIPOPT_link -mIPOPT_ipo_activate -mIPOPT_mo_activate -mIPOPT_source_files_list=/tmp/icpcslisaElPnv -mIPOPT_mo_global_data -mIPOPT_link_script_file=/tmp/icpcscriptP9UCiw "-mIPOPT_cmdline_link="/usr/lib/gcc/x86_64-linux-gnu/9/../../../x86_64-linux-gnu/Scrt1.o" "/usr/lib/gcc/x86_64-linux-gnu/9/../../../x86_64-linux-gnu/crti.o" "/usr/lib/gcc/x86_64-linux-gnu/9/crtbeginS.o" "-export-dynamic" "--eh-frame-hdr" "--build-id" "-dynamic-linker" "/lib64/ld-linux-x86-64.so.2" "-m" "elf_x86_64" "-o" "cmTC_7e0e9" "-L/opt/intel/oneapi/tbb/2021.5.1/env/../lib/intel64/gcc4.8" "-L/opt/intel/oneapi/mpi/2021.5.1//libfabric/lib" "-L/opt/intel/oneapi/mpi/2021.5.1//lib/release" "-L/opt/intel/oneapi/mpi/2021.5.1//lib" "-L/opt/intel/oneapi/mkl/2022.0.2/lib/intel64" "-L/opt/intel/oneapi/ipp/2021.5.2/lib/intel64" "-L/opt/intel/oneapi/compiler/2022.0.2/linux/compiler/lib/intel64_lin" "-L/opt/intel/oneapi/compiler/2022.0.2/linux/lib" "-L/opt/intel/oneapi/clck/2021.5.0/lib/intel64" "-L/opt/intel/oneapi/ccl/2021.5.1/lib/cpu_gpu_dpcpp" "-L/opt/intel/oneapi/compiler/2022.0.2/linux/bin/intel64/../../compiler/lib/intel64_lin" "-L/opt/intel/oneapi/mpi/2021.5.1//libfabric/lib/../lib/" "-L/opt/intel/oneapi/mpi/2021.5.1//lib/../lib/" "-L/opt/intel/oneapi/compiler/2022.0.2/linux/lib/../lib/" "-L/usr/lib/gcc/x86_64-linux-gnu/9/" "-L/usr/lib/gcc/x86_64-linux-gnu/9/../../../x86_64-linux-gnu/" "-L/usr/lib/gcc/x86_64-linux-gnu/9/../../../../lib64" "-L/usr/lib/gcc/x86_64-linux-gnu/9/../../../../lib/" "-L/lib/x86_64-linux-gnu/" "-L/lib/../lib64" "-L/lib/../lib/" "-L/usr/lib/x86_64-linux-gnu/" "-L/usr/lib/../lib64" "-L/usr/lib/../lib/" "-L/opt/intel/oneapi/tbb/2021.5.1/env/../lib/intel64/gcc4.8/" "-L/opt/intel/oneapi/mpi/2021.5.1//libfabric/lib/" "-L/opt/intel/oneapi/mpi/2021.5.1//lib/release/" "-L/opt/intel/oneapi/mpi/2021.5.1//lib/" "-L/opt/intel/oneapi/mkl/2022.0.2/lib/intel64/" "-L/opt/intel/oneapi/ipp/2021.5.2/lib/intel64/" "-L/opt/intel/oneapi/compiler/2022.0.2/linux/compiler/lib/intel64_lin/" "-L/opt/intel/oneapi/compiler/2022.0.2/linux/lib/" "-L/opt/intel/oneapi/clck/2021.5.0/lib/intel64/" "-L/opt/intel/oneapi/ccl/2021.5.1/lib/cpu_gpu_dpcpp/" "-L/usr/lib/gcc/x86_64-linux-gnu/9/../../../" "-L/lib64" "-L/lib/" "-L/usr/lib64" "-L/usr/lib" "CMakeFiles/cmTC_7e0e9.dir/CMakeCXXCompilerABI.cpp.o" "-Bdynamic" "-Bstatic" "-limf" "-lsvml" "-lirng" "-Bdynamic" "-lstdc++" "-lm" "-Bstatic" "-lipgo" "-ldecimal" "--as-needed" "-Bdynamic" "-lcilkrts" "--no-as-needed" "-lstdc++" "-lgcc" "--as-needed" "-lgcc_s" "--no-as-needed" "-Bstatic" "-lirc" "-lsvml" "-Bdynamic" "-lc" "-lgcc" "--as-needed" "-lgcc_s" "--no-as-needed" "-Bstatic" "-lirc_s" "-Bdynamic" "-ldl" "-lc" "/usr/lib/gcc/x86_64-linux-gnu/9/crtendS.o" "/usr/lib/gcc/x86_64-linux-gnu/9/../../../x86_64-linux-gnu/crtn.o"" -mIPOPT_il_in_obj -mIPOPT_ipo_activate_warn=FALSE -mIPOPT_obj_output_file_name=/tmp/ipo_icpc4M05Ju.o -mIPOPT_whole_archive_fixup_file_name=/tmp/icpcwarchHWEBOw -mGLOB_linker_version=2.34 -mGLOB_linker=ld -mGLOB_driver_tempfile_name=/tmp/icpctempfileAgf3Mv -mP3OPT_asm_target=P3OPT_ASM_TARGET_GAS -mGLOB_async_unwind_tables=TRUE -mGLOB_obj_output_file=/tmp/ipo_icpc4M05Ju.o -mGLOB_source_dialect=GLOB_SOURCE_DIALECT_NONE -mP1OPT_source_file_name=ipo_out.c CMakeFiles/cmTC_7e0e9.dir/CMakeCXXCompilerABI.cpp.o -mIPOPT_object_files=T -mIPOPT_assembly_files=/tmp/icpcalisfiYqfu -mIPOPT_generated_tempfiles=/tmp/icpcelisnrnKZw -mIPOPT_embedded_object_base_name=/tmp/icpceobjoJhaJx -mIPOPT_cmdline_link_new_name=/tmp/icpcllisyeSGmv
ld    /usr/lib/gcc/x86_64-linux-gnu/9/../../../x86_64-linux-gnu/Scrt1.o /usr/lib/gcc/x86_64-linux-gnu/9/../../../x86_64-linux-gnu/crti.o /usr/lib/gcc/x86_64-linux-gnu/9/crtbeginS.o -export-dynamic --eh-frame-hdr --build-id -dynamic-linker /lib64/ld-linux-x86-64.so.2 -m elf_x86_64 -o cmTC_7e0e9 -L/opt/intel/oneapi/tbb/2021.5.1/env/../lib/intel64/gcc4.8 -L/opt/intel/oneapi/mpi/2021.5.1//libfabric/lib -L/opt/intel/oneapi/mpi/2021.5.1//lib/release -L/opt/intel/oneapi/mpi/2021.5.1//lib -L/opt/intel/oneapi/mkl/2022.0.2/lib/intel64 -L/opt/intel/oneapi/ipp/2021.5.2/lib/intel64 -L/opt/intel/oneapi/compiler/2022.0.2/linux/compiler/lib/intel64_lin -L/opt/intel/oneapi/compiler/2022.0.2/linux/lib -L/opt/intel/oneapi/clck/2021.5.0/lib/intel64 -L/opt/intel/oneapi/ccl/2021.5.1/lib/cpu_gpu_dpcpp -L/opt/intel/oneapi/compiler/2022.0.2/linux/bin/intel64/../../compiler/lib/intel64_lin -L/opt/intel/oneapi/mpi/2021.5.1//libfabric/lib/../lib/ -L/opt/intel/oneapi/mpi/2021.5.1//lib/../lib/ -L/opt/intel/oneapi/compiler/2022.0.2/linux/lib/../lib/ -L/usr/lib/gcc/x86_64-linux-gnu/9/ -L/usr/lib/gcc/x86_64-linux-gnu/9/../../../x86_64-linux-gnu/ -L/usr/lib/gcc/x86_64-linux-gnu/9/../../../../lib64 -L/usr/lib/gcc/x86_64-linux-gnu/9/../../../../lib/ -L/lib/x86_64-linux-gnu/ -L/lib/../lib64 -L/lib/../lib/ -L/usr/lib/x86_64-linux-gnu/ -L/usr/lib/../lib64 -L/usr/lib/../lib/ -L/opt/intel/oneapi/tbb/2021.5.1/env/../lib/intel64/gcc4.8/ -L/opt/intel/oneapi/mpi/2021.5.1//libfabric/lib/ -L/opt/intel/oneapi/mpi/2021.5.1//lib/release/ -L/opt/intel/oneapi/mpi/2021.5.1//lib/ -L/opt/intel/oneapi/mkl/2022.0.2/lib/intel64/ -L/opt/intel/oneapi/ipp/2021.5.2/lib/intel64/ -L/opt/intel/oneapi/compiler/2022.0.2/linux/compiler/lib/intel64_lin/ -L/opt/intel/oneapi/compiler/2022.0.2/linux/lib/ -L/opt/intel/oneapi/clck/2021.5.0/lib/intel64/ -L/opt/intel/oneapi/ccl/2021.5.1/lib/cpu_gpu_dpcpp/ -L/usr/lib/gcc/x86_64-linux-gnu/9/../../../ -L/lib64 -L/lib/ -L/usr/lib64 -L/usr/lib CMakeFiles/cmTC_7e0e9.dir/CMakeCXXCompilerABI.cpp.o -Bdynamic -Bstatic -limf -lsvml -lirng -Bdynamic -lstdc++ -lm -Bstatic -lipgo -ldecimal --as-needed -Bdynamic -lcilkrts --no-as-needed -lstdc++ -lgcc --as-needed -lgcc_s --no-as-needed -Bstatic -lirc -lsvml -Bdynamic -lc -lgcc --as-needed -lgcc_s --no-as-needed -Bstatic -lirc_s -Bdynamic -ldl -lc /usr/lib/gcc/x86_64-linux-gnu/9/crtendS.o /usr/lib/gcc/x86_64-linux-gnu/9/../../../x86_64-linux-gnu/crtn.o
make[1]: Leaving directory '/home/leibov/Documents/FC_SDNN/release/CMakeFiles/CMakeTmp'



Parsed CXX implicit include dir info from above output: rv=done
  found start of include info
  found start of implicit include info
    add: [/opt/intel/oneapi/tbb/2021.5.1/env/../include]
    add: [/opt/intel/oneapi/mpi/2021.5.1//include]
    add: [/opt/intel/oneapi/mkl/2022.0.2/include]
    add: [/opt/intel/oneapi/ipp/2021.5.2/include]
    add: [/opt/intel/oneapi/dpl/2021.6.0/linux/include]
    add: [/opt/intel/oneapi/dpcpp-ct/2022.0.0/include]
    add: [/opt/intel/oneapi/dev-utilities/2021.5.2/include]
    add: [/opt/intel/oneapi/ccl/2021.5.1/include/cpu_gpu_dpcpp]
    add: [/opt/intel/oneapi/clck/2021.5.0/include]
    add: [/opt/intel/oneapi/compiler/2022.0.2/linux/bin/intel64/../../compiler/include/intel64]
    add: [/opt/intel/oneapi/compiler/2022.0.2/linux/bin/intel64/../../compiler/include/icc]
    add: [/opt/intel/oneapi/compiler/2022.0.2/linux/bin/intel64/../../compiler/include]
    add: [/usr/include/c++/9]
    add: [/usr/include/c++/9/backward]
    add: [/usr/local/include]
    add: [/usr/lib/gcc/x86_64-linux-gnu/9/include]
    add: [/usr/include/]
    add: [/usr/include]
    add: [/usr/include/x86_64-linux-gnu]
    add: [/usr/include/x86_64-linux-gnu/c++/9]
  end of search list found
  collapse include dir [/opt/intel/oneapi/tbb/2021.5.1/env/../include] ==> [/opt/intel/oneapi/tbb/2021.5.1/include]
  collapse include dir [/opt/intel/oneapi/mpi/2021.5.1//include] ==> [/opt/intel/oneapi/mpi/2021.5.1/include]
  collapse include dir [/opt/intel/oneapi/mkl/2022.0.2/include] ==> [/opt/intel/oneapi/mkl/2022.0.2/include]
  collapse include dir [/opt/intel/oneapi/ipp/2021.5.2/include] ==> [/opt/intel/oneapi/ipp/2021.5.2/include]
  collapse include dir [/opt/intel/oneapi/dpl/2021.6.0/linux/include] ==> [/opt/intel/oneapi/dpl/2021.6.0/linux/include]
  collapse include dir [/opt/intel/oneapi/dpcpp-ct/2022.0.0/include] ==> [/opt/intel/oneapi/dpcpp-ct/2022.0.0/include]
  collapse include dir [/opt/intel/oneapi/dev-utilities/2021.5.2/include] ==> [/opt/intel/oneapi/dev-utilities/2021.5.2/include]
  collapse include dir [/opt/intel/oneapi/ccl/2021.5.1/include/cpu_gpu_dpcpp] ==> [/opt/intel/oneapi/ccl/2021.5.1/include/cpu_gpu_dpcpp]
  collapse include dir [/opt/intel/oneapi/clck/2021.5.0/include] ==> [/opt/intel/oneapi/clck/2021.5.0/include]
  collapse include dir [/opt/intel/oneapi/compiler/2022.0.2/linux/bin/intel64/../../compiler/include/intel64] ==> [/opt/intel/oneapi/compiler/2022.0.2/linux/compiler/include/intel64]
  collapse include dir [/opt/intel/oneapi/compiler/2022.0.2/linux/bin/intel64/../../compiler/include/icc] ==> [/opt/intel/oneapi/compiler/2022.0.2/linux/compiler/include/icc]
  collapse include dir [/opt/intel/oneapi/compiler/2022.0.2/linux/bin/intel64/../../compiler/include] ==> [/opt/intel/oneapi/compiler/2022.0.2/linux/compiler/include]
  collapse include dir [/usr/include/c++/9] ==> [/usr/include/c++/9]
  collapse include dir [/usr/include/c++/9/backward] ==> [/usr/include/c++/9/backward]
  collapse include dir [/usr/local/include] ==> [/usr/local/include]
  collapse include dir [/usr/lib/gcc/x86_64-linux-gnu/9/include] ==> [/usr/lib/gcc/x86_64-linux-gnu/9/include]
  collapse include dir [/usr/include/] ==> [/usr/include]
  collapse include dir [/usr/include] ==> [/usr/include]
  collapse include dir [/usr/include/x86_64-linux-gnu] ==> [/usr/include/x86_64-linux-gnu]
  collapse include dir [/usr/include/x86_64-linux-gnu/c++/9] ==> [/usr/include/x86_64-linux-gnu/c++/9]
  implicit include dirs: [/opt/intel/oneapi/tbb/2021.5.1/include;/opt/intel/oneapi/mpi/2021.5.1/include;/opt/intel/oneapi/mkl/2022.0.2/include;/opt/intel/oneapi/ipp/2021.5.2/include;/opt/intel/oneapi/dpl/2021.6.0/linux/include;/opt/intel/oneapi/dpcpp-ct/2022.0.0/include;/opt/intel/oneapi/dev-utilities/2021.5.2/include;/opt/intel/oneapi/ccl/2021.5.1/include/cpu_gpu_dpcpp;/opt/intel/oneapi/clck/2021.5.0/include;/opt/intel/oneapi/compiler/2022.0.2/linux/compiler/include/intel64;/opt/intel/oneapi/compiler/2022.0.2/linux/compiler/include/icc;/opt/intel/oneapi/compiler/2022.0.2/linux/compiler/include;/usr/include/c++/9;/usr/include/c++/9/backward;/usr/local/include;/usr/lib/gcc/x86_64-linux-gnu/9/include;/usr/include;/usr/include/x86_64-linux-gnu;/usr/include/x86_64-linux-gnu/c++/9]


Parsed CXX implicit link information from above output:
  link line regex: [^( *|.*[/\])(ld|CMAKE_LINK_STARTFILE-NOTFOUND|([^/\]+-)?ld|collect2)[^/\]*( |$)]
  ignore line: [Change Dir: /home/leibov/Documents/FC_SDNN/release/CMakeFiles/CMakeTmp]
  ignore line: []
  ignore line: [Run Build Command(s):/usr/bin/make cmTC_7e0e9/fast && /usr/bin/make -f CMakeFiles/cmTC_7e0e9.dir/build.make CMakeFiles/cmTC_7e0e9.dir/build]
  ignore line: [make[1]: Entering directory '/home/leibov/Documents/FC_SDNN/release/CMakeFiles/CMakeTmp']
  ignore line: [Building CXX object CMakeFiles/cmTC_7e0e9.dir/CMakeCXXCompilerABI.cpp.o]
  ignore line: [/opt/intel/oneapi/compiler/2022.0.2/linux/bin/intel64/icpc    -v -o CMakeFiles/cmTC_7e0e9.dir/CMakeCXXCompilerABI.cpp.o -c /usr/share/cmake-3.16/Modules/CMakeCXXCompilerABI.cpp]
  ignore line: [icpc version 2021.5.0 (gcc version 9.3.0 compatibility)]
  ignore line: [/opt/intel/oneapi/compiler/2022.0.2/linux/bin/intel64/../../bin/intel64/mcpcom    --target_efi2 --lang=c++ -_g -mP3OPT_inline_alloca -D__ICC=2021 -D__INTEL_COMPILER=2021 -D__INTEL_COMPILER_UPDATE=5 -D__PTRDIFF_TYPE__=long "-D__SIZE_TYPE__=unsigned long" -D__WCHAR_TYPE__=int "-D__WINT_TYPE__=unsigned int" "-D__INTMAX_TYPE__=long int" "-D__UINTMAX_TYPE__=long unsigned int" -D__GLIBCXX_TYPE_INT_N_0=__int128 -D__GLIBCXX_BITSIZE_INT_N_0=128 -D__LONG_MAX__=9223372036854775807L -D__QMSPP_ -D__OPTIMIZE__ -D__NO_MATH_INLINES -D__NO_STRING_INLINES -D__GNUC_GNU_INLINE__ -D__GNUG__=9 -D__GNUC__=9 -D__GNUC_MINOR__=3 -D__GNUC_PATCHLEVEL__=0 -D__LP64__ -D_LP64 -D_GNU_SOURCE=1 -D__DEPRECATED=1 -D__GXX_WEAK__=1 -D__GXX_ABI_VERSION=1010 "-D__USER_LABEL_PREFIX__= " -D__REGISTER_PREFIX__= -D__INTEL_RTTI__ -D__EXCEPTIONS=1 -D__unix__ -D__unix -D__linux__ -D__linux -D__gnu_linux__ -B -Dunix -Dlinux "-_Asystem(unix)" -D__ELF__ -D__x86_64 -D__x86_64__ -D__amd64 -D__amd64__ "-_Acpu(x86_64)" "-_Amachine(x86_64)" -D__INTEL_COMPILER_BUILD_DATE=20211109 -D__INTEL_OFFLOAD -D__MMX__ -D__SSE__ -D__SSE_MATH__ -D__SSE2__ -D__SSE2_MATH__ -D__pentium4 -D__pentium4__ -D__tune_pentium4__ -_k -_8 -_l --has_new_stdarg_support -_a -_b --gnu_version=90300 -_W5 -p --bool -tused -x --openmp_simd --noopenmp_offload --multibyte_chars -mGLOB_diag_suppress_sys --system_preinclude /usr/include/stdc-predef.h -I/opt/intel/oneapi/tbb/2021.5.1/env/../include -I/opt/intel/oneapi/mpi/2021.5.1//include -I/opt/intel/oneapi/mkl/2022.0.2/include -I/opt/intel/oneapi/ipp/2021.5.2/include -I/opt/intel/oneapi/dpl/2021.6.0/linux/include -I/opt/intel/oneapi/dpcpp-ct/2022.0.0/include -I/opt/intel/oneapi/dev-utilities/2021.5.2/include -I/opt/intel/oneapi/ccl/2021.5.1/include/cpu_gpu_dpcpp --array_section --simd --simd_func --offload_mode=1 --offload_target_names=mic MIC --offload_unique_string=icpc1857892424ye8XRV --bool -mGLOB_em64t=TRUE -mP1OPT_version=2021.5.0-intel64 -mGLOB_diag_file=CMakeFiles/cmTC_7e0e9.dir/CMakeCXXCompilerABI.cpp.diag -mGLOB_long_size_64 -mGLOB_routine_pointer_size_64 -mP1OPT_print_version=FALSE -mCG_use_gas_got_workaround=F -mP2OPT_align_option_used=TRUE -mGLOB_gcc_version=930 "-mGLOB_options_string=-v -o CMakeFiles/cmTC_7e0e9.dir/CMakeCXXCompilerABI.cpp.o -c" -mGLOB_cxx_limited_range=FALSE -mCG_extend_parms=FALSE -mGLOB_compiler_bin_directory=/opt/intel/oneapi/compiler/2022.0.2/linux/bin/intel64/../../bin/intel64 -mGLOB_as_output_backup_file_name=/tmp/icpcVu52xTas_.s -mIPOPT_activate -mIPOPT_lite -mGLOB_uarch_tuning=0x0 -mGLOB_product_id_code=0x22006d90 -mCG_bnl_movbe=T -mP3OPT_use_mspp_call_convention -mP2OPT_subs_out_of_bound=FALSE -mP2OPT_disam_type_based_disam=2 -mP2OPT_disam_assume_ansi_c -mP2OPT_checked_disam_ansi_alias=TRUE -mGLOB_ansi_alias -mPGOPTI_value_profile_use=T -mP2OPT_il0_array_sections=TRUE -mGLOB_offload_mode=1 -mGLOB_offload_no_openmp=TRUE -mP2OPT_offload_unique_var_string=icpc1857892424ye8XRV -mP2OPT_hlo_level=2 -mP2OPT_hlo -mP2OPT_hpo_rtt_control=0 -mIPOPT_args_in_regs=0 -mP2OPT_disam_assume_nonstd_intent_in=FALSE -mGLOB_imf_mapping_library=/opt/intel/oneapi/compiler/2022.0.2/linux/bin/intel64/../../bin/intel64/libiml_attr.so -mPGOPTI_gen_threadsafe_level=0 -mIPOPT_lto_object_enabled -mIPOPT_lto_object_value=1 -mIPOPT_obj_output_file_name=CMakeFiles/cmTC_7e0e9.dir/CMakeCXXCompilerABI.cpp.o -mIPOPT_whole_archive_fixup_file_name=/tmp/icpcwarchyrRsgS -mGLOB_linker_version=2.34 -mGLOB_linker=ld -mGLOB_driver_tempfile_name=/tmp/icpctempfilezLfH6S -mP3OPT_asm_target=P3OPT_ASM_TARGET_GAS -mGLOB_async_unwind_tables=TRUE -mGLOB_obj_output_file=CMakeFiles/cmTC_7e0e9.dir/CMakeCXXCompilerABI.cpp.o -mGLOB_source_dialect=GLOB_SOURCE_DIALECT_C_PLUS_PLUS -mP1OPT_source_file_name=/usr/share/cmake-3.16/Modules/CMakeCXXCompilerABI.cpp -mP1OPT_full_source_file_name=/usr/share/cmake-3.16/Modules/CMakeCXXCompilerABI.cpp -mGLOB_eh_linux /usr/share/cmake-3.16/Modules/CMakeCXXCompilerABI.cpp]
  ignore line: [#include "..." search starts here:]
  ignore line: [#include <...> search starts here:]
  ignore line: [ /opt/intel/oneapi/tbb/2021.5.1/env/../include]
  ignore line: [ /opt/intel/oneapi/mpi/2021.5.1//include]
  ignore line: [ /opt/intel/oneapi/mkl/2022.0.2/include]
  ignore line: [ /opt/intel/oneapi/ipp/2021.5.2/include]
  ignore line: [ /opt/intel/oneapi/dpl/2021.6.0/linux/include]
  ignore line: [ /opt/intel/oneapi/dpcpp-ct/2022.0.0/include]
  ignore line: [ /opt/intel/oneapi/dev-utilities/2021.5.2/include]
  ignore line: [ /opt/intel/oneapi/ccl/2021.5.1/include/cpu_gpu_dpcpp]
  ignore line: [ /opt/intel/oneapi/clck/2021.5.0/include]
  ignore line: [ /opt/intel/oneapi/compiler/2022.0.2/linux/bin/intel64/../../compiler/include/intel64]
  ignore line: [ /opt/intel/oneapi/compiler/2022.0.2/linux/bin/intel64/../../compiler/include/icc]
  ignore line: [ /opt/intel/oneapi/compiler/2022.0.2/linux/bin/intel64/../../compiler/include]
  ignore line: [ /usr/include/c++/9]
  ignore line: [ /usr/include/c++/9/backward]
  ignore line: [ /usr/local/include]
  ignore line: [ /usr/lib/gcc/x86_64-linux-gnu/9/include]
  ignore line: [ /usr/include/]
  ignore line: [ /usr/include]
  ignore line: [ /usr/include/x86_64-linux-gnu]
  ignore line: [ /usr/include/x86_64-linux-gnu/c++/9]
  ignore line: [End of search list.]
  ignore line: [Linking CXX executable cmTC_7e0e9]
  ignore line: [/usr/bin/cmake -E cmake_link_script CMakeFiles/cmTC_7e0e9.dir/link.txt --verbose=1]
  ignore line: [/opt/intel/oneapi/compiler/2022.0.2/linux/bin/intel64/icpc      -v -rdynamic CMakeFiles/cmTC_7e0e9.dir/CMakeCXXCompilerABI.cpp.o  -o cmTC_7e0e9 ]
  ignore line: [icpc version 2021.5.0 (gcc version 9.3.0 compatibility)]
  ignore line: [/opt/intel/oneapi/compiler/2022.0.2/linux/bin/intel64/../../bin/intel64/mcpcom    -mGLOB_em64t=TRUE -mP1OPT_version=2021.5.0-intel64 -mGLOB_diag_file=CMakeFiles/cmTC_7e0e9.dir/CMakeCXXCompilerABI.cpp.diag -mGLOB_long_size_64 -mGLOB_routine_pointer_size_64 -mP1OPT_print_version=FALSE -mCG_use_gas_got_workaround=F -mP2OPT_align_option_used=TRUE -mGLOB_gcc_version=930 "-mGLOB_options_string=-v -rdynamic -o cmTC_7e0e9" -mGLOB_cxx_limited_range=FALSE -mCG_extend_parms=FALSE -mGLOB_compiler_bin_directory=/opt/intel/oneapi/compiler/2022.0.2/linux/bin/intel64/../../bin/intel64 -mGLOB_as_output_backup_file_name=/tmp/icpc2GWvDxas_.s -mGLOB_dashboard_use_source_name -mIPOPT_activate -mGLOB_product_id_code=0x22006d90 -mP3OPT_use_mspp_call_convention -mP2OPT_subs_out_of_bound=FALSE -mP2OPT_disam_type_based_disam=2 -mP2OPT_disam_assume_ansi_c -mP2OPT_checked_disam_ansi_alias=TRUE -mGLOB_ansi_alias -mPGOPTI_value_profile_use=T -mGLOB_opt_report_use_source_name -mP2OPT_il0_array_sections=TRUE -mGLOB_offload_mode=1 -mGLOB_offload_no_openmp=TRUE -mP2OPT_offload_unique_var_string=icpc1167082090ids2cx -mP2OPT_hlo -mP2OPT_hpo_rtt_control=0 -mIPOPT_args_in_regs=0 -mP2OPT_disam_assume_nonstd_intent_in=FALSE -mGLOB_imf_mapping_library=/opt/intel/oneapi/compiler/2022.0.2/linux/bin/intel64/../../bin/intel64/libiml_attr.so -mPGOPTI_gen_threadsafe_level=0 -mIPOPT_link -mIPOPT_ipo_activate -mIPOPT_mo_activate -mIPOPT_source_files_list=/tmp/icpcslisaElPnv -mIPOPT_mo_global_data -mIPOPT_link_script_file=/tmp/icpcscriptP9UCiw "-mIPOPT_cmdline_link="/usr/lib/gcc/x86_64-linux-gnu/9/../../../x86_64-linux-gnu/Scrt1.o" "/usr/lib/gcc/x86_64-linux-gnu/9/../../../x86_64-linux-gnu/crti.o" "/usr/lib/gcc/x86_64-linux-gnu/9/crtbeginS.o" "-export-dynamic" "--eh-frame-hdr" "--build-id" "-dynamic-linker" "/lib64/ld-linux-x86-64.so.2" "-m" "elf_x86_64" "-o" "cmTC_7e0e9" "-L/opt/intel/oneapi/tbb/2021.5.1/env/../lib/intel64/gcc4.8" "-L/opt/intel/oneapi/mpi/2021.5.1//libfabric/lib" "-L/opt/intel/oneapi/mpi/2021.5.1//lib/release" "-L/opt/intel/oneapi/mpi/2021.5.1//lib" "-L/opt/intel/oneapi/mkl/2022.0.2/lib/intel64" "-L/opt/intel/oneapi/ipp/2021.5.2/lib/intel64" "-L/opt/intel/oneapi/compiler/2022.0.2/linux/compiler/lib/intel64_lin" "-L/opt/intel/oneapi/compiler/2022.0.2/linux/lib" "-L/opt/intel/oneapi/clck/2021.5.0/lib/intel64" "-L/opt/intel/oneapi/ccl/2021.5.1/lib/cpu_gpu_dpcpp" "-L/opt/intel/oneapi/compiler/2022.0.2/linux/bin/intel64/../../compiler/lib/intel64_lin" "-L/opt/intel/oneapi/mpi/2021.5.1//libfabric/lib/../lib/" "-L/opt/intel/oneapi/mpi/2021.5.1//lib/../lib/" "-L/opt/intel/oneapi/compiler/2022.0.2/linux/lib/../lib/" "-L/usr/lib/gcc/x86_64-linux-gnu/9/" "-L/usr/lib/gcc/x86_64-linux-gnu/9/../../../x86_64-linux-gnu/" "-L/usr/lib/gcc/x86_64-linux-gnu/9/../../../../lib64" "-L/usr/lib/gcc/x86_64-linux-gnu/9/../../../../lib/" "-L/lib/x86_64-linux-gnu/" "-L/lib/../lib64" "-L/lib/../lib/" "-L/usr/lib/x86_64-linux-gnu/" "-L/usr/lib/../lib64" "-L/usr/lib/../lib/" "-L/opt/intel/oneapi/tbb/2021.5.1/env/../lib/intel64/gcc4.8/" "-L/opt/intel/oneapi/mpi/2021.5.1//libfabric/lib/" "-L/opt/intel/oneapi/mpi/2021.5.1//lib/release/" "-L/opt/intel/oneapi/mpi/2021.5.1//lib/" "-L/opt/intel/oneapi/mkl/2022.0.2/lib/intel64/" "-L/opt/intel/oneapi/ipp/2021.5.2/lib/intel64/" "-L/opt/intel/oneapi/compiler/2022.0.2/linux/compiler/lib/intel64_lin/" "-L/opt/intel/oneapi/compiler/2022.0.2/linux/lib/" "-L/opt/intel/oneapi/clck/2021.5.0/lib/intel64/" "-L/opt/intel/oneapi/ccl/2021.5.1/lib/cpu_gpu_dpcpp/" "-L/usr/lib/gcc/x86_64-linux-gnu/9/../../../" "-L/lib64" "-L/lib/" "-L/usr/lib64" "-L/usr/lib" "CMakeFiles/cmTC_7e0e9.dir/CMakeCXXCompilerABI.cpp.o" "-Bdynamic" "-Bstatic" "-limf" "-lsvml" "-lirng" "-Bdynamic" "-lstdc++" "-lm" "-Bstatic" "-lipgo" "-ldecimal" "--as-needed" "-Bdynamic" "-lcilkrts" "--no-as-needed" "-lstdc++" "-lgcc" "--as-needed" "-lgcc_s" "--no-as-needed" "-Bstatic" "-lirc" "-lsvml" "-Bdynamic" "-lc" "-lgcc" "--as-needed" "-lgcc_s" "--no-as-needed" "-Bstatic" "-lirc_s" "-Bdynamic" "-ldl" "-lc" "/usr/lib/gcc/x86_64-linux-gnu/9/crtendS.o" "/usr/lib/gcc/x86_64-linux-gnu/9/../../../x86_64-linux-gnu/crtn.o"" -mIPOPT_il_in_obj -mIPOPT_ipo_activate_warn=FALSE -mIPOPT_obj_output_file_name=/tmp/ipo_icpc4M05Ju.o -mIPOPT_whole_archive_fixup_file_name=/tmp/icpcwarchHWEBOw -mGLOB_linker_version=2.34 -mGLOB_linker=ld -mGLOB_driver_tempfile_name=/tmp/icpctempfileAgf3Mv -mP3OPT_asm_target=P3OPT_ASM_TARGET_GAS -mGLOB_async_unwind_tables=TRUE -mGLOB_obj_output_file=/tmp/ipo_icpc4M05Ju.o -mGLOB_source_dialect=GLOB_SOURCE_DIALECT_NONE -mP1OPT_source_file_name=ipo_out.c CMakeFiles/cmTC_7e0e9.dir/CMakeCXXCompilerABI.cpp.o -mIPOPT_object_files=T -mIPOPT_assembly_files=/tmp/icpcalisfiYqfu -mIPOPT_generated_tempfiles=/tmp/icpcelisnrnKZw -mIPOPT_embedded_object_base_name=/tmp/icpceobjoJhaJx -mIPOPT_cmdline_link_new_name=/tmp/icpcllisyeSGmv]
  link line: [ld    /usr/lib/gcc/x86_64-linux-gnu/9/../../../x86_64-linux-gnu/Scrt1.o /usr/lib/gcc/x86_64-linux-gnu/9/../../../x86_64-linux-gnu/crti.o /usr/lib/gcc/x86_64-linux-gnu/9/crtbeginS.o -export-dynamic --eh-frame-hdr --build-id -dynamic-linker /lib64/ld-linux-x86-64.so.2 -m elf_x86_64 -o cmTC_7e0e9 -L/opt/intel/oneapi/tbb/2021.5.1/env/../lib/intel64/gcc4.8 -L/opt/intel/oneapi/mpi/2021.5.1//libfabric/lib -L/opt/intel/oneapi/mpi/2021.5.1//lib/release -L/opt/intel/oneapi/mpi/2021.5.1//lib -L/opt/intel/oneapi/mkl/2022.0.2/lib/intel64 -L/opt/intel/oneapi/ipp/2021.5.2/lib/intel64 -L/opt/intel/oneapi/compiler/2022.0.2/linux/compiler/lib/intel64_lin -L/opt/intel/oneapi/compiler/2022.0.2/linux/lib -L/opt/intel/oneapi/clck/2021.5.0/lib/intel64 -L/opt/intel/oneapi/ccl/2021.5.1/lib/cpu_gpu_dpcpp -L/opt/intel/oneapi/compiler/2022.0.2/linux/bin/intel64/../../compiler/lib/intel64_lin -L/opt/intel/oneapi/mpi/2021.5.1//libfabric/lib/../lib/ -L/opt/intel/oneapi/mpi/2021.5.1//lib/../lib/ -L/opt/intel/oneapi/compiler/2022.0.2/linux/lib/../lib/ -L/usr/lib/gcc/x86_64-linux-gnu/9/ -L/usr/lib/gcc/x86_64-linux-gnu/9/../../../x86_64-linux-gnu/ -L/usr/lib/gcc/x86_64-linux-gnu/9/../../../../lib64 -L/usr/lib/gcc/x86_64-linux-gnu/9/../../../../lib/ -L/lib/x86_64-linux-gnu/ -L/lib/../lib64 -L/lib/../lib/ -L/usr/lib/x86_64-linux-gnu/ -L/usr/lib/../lib64 -L/usr/lib/../lib/ -L/opt/intel/oneapi/tbb/2021.5.1/env/../lib/intel64/gcc4.8/ -L/opt/intel/oneapi/mpi/2021.5.1//libfabric/lib/ -L/opt/intel/oneapi/mpi/2021.5.1//lib/release/ -L/opt/intel/oneapi/mpi/2021.5.1//lib/ -L/opt/intel/oneapi/mkl/2022.0.2/lib/intel64/ -L/opt/intel/oneapi/ipp/2021.5.2/lib/intel64/ -L/opt/intel/oneapi/compiler/2022.0.2/linux/compiler/lib/intel64_lin/ -L/opt/intel/oneapi/compiler/2022.0.2/linux/lib/ -L/opt/intel/oneapi/clck/2021.5.0/lib/intel64/ -L/opt/intel/oneapi/ccl/2021.5.1/lib/cpu_gpu_dpcpp/ -L/usr/lib/gcc/x86_64-linux-gnu/9/../../../ -L/lib64 -L/lib/ -L/usr/lib64 -L/usr/lib CMakeFiles/cmTC_7e0e9.dir/CMakeCXXCompilerABI.cpp.o -Bdynamic -Bstatic -limf -lsvml -lirng -Bdynamic -lstdc++ -lm -Bstatic -lipgo -ldecimal --as-needed -Bdynamic -lcilkrts --no-as-needed -lstdc++ -lgcc --as-needed -lgcc_s --no-as-needed -Bstatic -lirc -lsvml -Bdynamic -lc -lgcc --as-needed -lgcc_s --no-as-needed -Bstatic -lirc_s -Bdynamic -ldl -lc /usr/lib/gcc/x86_64-linux-gnu/9/crtendS.o /usr/lib/gcc/x86_64-linux-gnu/9/../../../x86_64-linux-gnu/crtn.o]
    arg [ld] ==> ignore
    arg [/usr/lib/gcc/x86_64-linux-gnu/9/../../../x86_64-linux-gnu/Scrt1.o] ==> ignore
    arg [/usr/lib/gcc/x86_64-linux-gnu/9/../../../x86_64-linux-gnu/crti.o] ==> ignore
    arg [/usr/lib/gcc/x86_64-linux-gnu/9/crtbeginS.o] ==> ignore
    arg [-export-dynamic] ==> ignore
    arg [--eh-frame-hdr] ==> ignore
    arg [--build-id] ==> ignore
    arg [-dynamic-linker] ==> ignore
    arg [/lib64/ld-linux-x86-64.so.2] ==> ignore
    arg [-m] ==> ignore
    arg [elf_x86_64] ==> ignore
    arg [-o] ==> ignore
    arg [cmTC_7e0e9] ==> ignore
    arg [-L/opt/intel/oneapi/tbb/2021.5.1/env/../lib/intel64/gcc4.8] ==> dir [/opt/intel/oneapi/tbb/2021.5.1/env/../lib/intel64/gcc4.8]
    arg [-L/opt/intel/oneapi/mpi/2021.5.1//libfabric/lib] ==> dir [/opt/intel/oneapi/mpi/2021.5.1//libfabric/lib]
    arg [-L/opt/intel/oneapi/mpi/2021.5.1//lib/release] ==> dir [/opt/intel/oneapi/mpi/2021.5.1//lib/release]
    arg [-L/opt/intel/oneapi/mpi/2021.5.1//lib] ==> dir [/opt/intel/oneapi/mpi/2021.5.1//lib]
    arg [-L/opt/intel/oneapi/mkl/2022.0.2/lib/intel64] ==> dir [/opt/intel/oneapi/mkl/2022.0.2/lib/intel64]
    arg [-L/opt/intel/oneapi/ipp/2021.5.2/lib/intel64] ==> dir [/opt/intel/oneapi/ipp/2021.5.2/lib/intel64]
    arg [-L/opt/intel/oneapi/compiler/2022.0.2/linux/compiler/lib/intel64_lin] ==> dir [/opt/intel/oneapi/compiler/2022.0.2/linux/compiler/lib/intel64_lin]
    arg [-L/opt/intel/oneapi/compiler/2022.0.2/linux/lib] ==> dir [/opt/intel/oneapi/compiler/2022.0.2/linux/lib]
    arg [-L/opt/intel/oneapi/clck/2021.5.0/lib/intel64] ==> dir [/opt/intel/oneapi/clck/2021.5.0/lib/intel64]
    arg [-L/opt/intel/oneapi/ccl/2021.5.1/lib/cpu_gpu_dpcpp] ==> dir [/opt/intel/oneapi/ccl/2021.5.1/lib/cpu_gpu_dpcpp]
    arg [-L/opt/intel/oneapi/compiler/2022.0.2/linux/bin/intel64/../../compiler/lib/intel64_lin] ==> dir [/opt/intel/oneapi/compiler/2022.0.2/linux/bin/intel64/../../compiler/lib/intel64_lin]
    arg [-L/opt/intel/oneapi/mpi/2021.5.1//libfabric/lib/../lib/] ==> dir [/opt/intel/oneapi/mpi/2021.5.1//libfabric/lib/../lib/]
    arg [-L/opt/intel/oneapi/mpi/2021.5.1//lib/../lib/] ==> dir [/opt/intel/oneapi/mpi/2021.5.1//lib/../lib/]
    arg [-L/opt/intel/oneapi/compiler/2022.0.2/linux/lib/../lib/] ==> dir [/opt/intel/oneapi/compiler/2022.0.2/linux/lib/../lib/]
    arg [-L/usr/lib/gcc/x86_64-linux-gnu/9/] ==> dir [/usr/lib/gcc/x86_64-linux-gnu/9/]
    arg [-L/usr/lib/gcc/x86_64-linux-gnu/9/../../../x86_64-linux-gnu/] ==> dir [/usr/lib/gcc/x86_64-linux-gnu/9/../../../x86_64-linux-gnu/]
    arg [-L/usr/lib/gcc/x86_64-linux-gnu/9/../../../../lib64] ==> dir [/usr/lib/gcc/x86_64-linux-gnu/9/../../../../lib64]
    arg [-L/usr/lib/gcc/x86_64-linux-gnu/9/../../../../lib/] ==> dir [/usr/lib/gcc/x86_64-linux-gnu/9/../../../../lib/]
    arg [-L/lib/x86_64-linux-gnu/] ==> dir [/lib/x86_64-linux-gnu/]
    arg [-L/lib/../lib64] ==> dir [/lib/../lib64]
    arg [-L/lib/../lib/] ==> dir [/lib/../lib/]
    arg [-L/usr/lib/x86_64-linux-gnu/] ==> dir [/usr/lib/x86_64-linux-gnu/]
    arg [-L/usr/lib/../lib64] ==> dir [/usr/lib/../lib64]
    arg [-L/usr/lib/../lib/] ==> dir [/usr/lib/../lib/]
    arg [-L/opt/intel/oneapi/tbb/2021.5.1/env/../lib/intel64/gcc4.8/] ==> dir [/opt/intel/oneapi/tbb/2021.5.1/env/../lib/intel64/gcc4.8/]
    arg [-L/opt/intel/oneapi/mpi/2021.5.1//libfabric/lib/] ==> dir [/opt/intel/oneapi/mpi/2021.5.1//libfabric/lib/]
    arg [-L/opt/intel/oneapi/mpi/2021.5.1//lib/release/] ==> dir [/opt/intel/oneapi/mpi/2021.5.1//lib/release/]
    arg [-L/opt/intel/oneapi/mpi/2021.5.1//lib/] ==> dir [/opt/intel/oneapi/mpi/2021.5.1//lib/]
    arg [-L/opt/intel/oneapi/mkl/2022.0.2/lib/intel64/] ==> dir [/opt/intel/oneapi/mkl/2022.0.2/lib/intel64/]
    arg [-L/opt/intel/oneapi/ipp/2021.5.2/lib/intel64/] ==> dir [/opt/intel/oneapi/ipp/2021.5.2/lib/intel64/]
    arg [-L/opt/intel/oneapi/compiler/2022.0.2/linux/compiler/lib/intel64_lin/] ==> dir [/opt/intel/oneapi/compiler/2022.0.2/linux/compiler/lib/intel64_lin/]
    arg [-L/opt/intel/oneapi/compiler/2022.0.2/linux/lib/] ==> dir [/opt/intel/oneapi/compiler/2022.0.2/linux/lib/]
    arg [-L/opt/intel/oneapi/clck/2021.5.0/lib/intel64/] ==> dir [/opt/intel/oneapi/clck/2021.5.0/lib/intel64/]
    arg [-L/opt/intel/oneapi/ccl/2021.5.1/lib/cpu_gpu_dpcpp/] ==> dir [/opt/intel/oneapi/ccl/2021.5.1/lib/cpu_gpu_dpcpp/]
    arg [-L/usr/lib/gcc/x86_64-linux-gnu/9/../../../] ==> dir [/usr/lib/gcc/x86_64-linux-gnu/9/../../../]
    arg [-L/lib64] ==> dir [/lib64]
    arg [-L/lib/] ==> dir [/lib/]
    arg [-L/usr/lib64] ==> dir [/usr/lib64]
    arg [-L/usr/lib] ==> dir [/usr/lib]
    arg [CMakeFiles/cmTC_7e0e9.dir/CMakeCXXCompilerABI.cpp.o] ==> ignore
    arg [-Bdynamic] ==> ignore
    arg [-Bstatic] ==> ignore
    arg [-limf] ==> lib [imf]
    arg [-lsvml] ==> lib [svml]
    arg [-lirng] ==> lib [irng]
    arg [-Bdynamic] ==> ignore
    arg [-lstdc++] ==> lib [stdc++]
    arg [-lm] ==> lib [m]
    arg [-Bstatic] ==> ignore
    arg [-lipgo] ==> lib [ipgo]
    arg [-ldecimal] ==> lib [decimal]
    arg [--as-needed] ==> ignore
    arg [-Bdynamic] ==> ignore
    arg [-lcilkrts] ==> lib [cilkrts]
    arg [--no-as-needed] ==> ignore
    arg [-lstdc++] ==> lib [stdc++]
    arg [-lgcc] ==> lib [gcc]
    arg [--as-needed] ==> ignore
    arg [-lgcc_s] ==> lib [gcc_s]
    arg [--no-as-needed] ==> ignore
    arg [-Bstatic] ==> ignore
    arg [-lirc] ==> lib [irc]
    arg [-lsvml] ==> lib [svml]
    arg [-Bdynamic] ==> ignore
    arg [-lc] ==> lib [c]
    arg [-lgcc] ==> lib [gcc]
    arg [--as-needed] ==> ignore
    arg [-lgcc_s] ==> lib [gcc_s]
    arg [--no-as-needed] ==> ignore
    arg [-Bstatic] ==> ignore
    arg [-lirc_s] ==> lib [irc_s]
    arg [-Bdynamic] ==> ignore
    arg [-ldl] ==> lib [dl]
    arg [-lc] ==> lib [c]
    arg [/usr/lib/gcc/x86_64-linux-gnu/9/crtendS.o] ==> ignore
    arg [/usr/lib/gcc/x86_64-linux-gnu/9/../../../x86_64-linux-gnu/crtn.o] ==> ignore
  collapse library dir [/opt/intel/oneapi/tbb/2021.5.1/env/../lib/intel64/gcc4.8] ==> [/opt/intel/oneapi/tbb/2021.5.1/lib/intel64/gcc4.8]
  collapse library dir [/opt/intel/oneapi/mpi/2021.5.1//libfabric/lib] ==> [/opt/intel/oneapi/mpi/2021.5.1/libfabric/lib]
  collapse library dir [/opt/intel/oneapi/mpi/2021.5.1//lib/release] ==> [/opt/intel/oneapi/mpi/2021.5.1/lib/release]
  collapse library dir [/opt/intel/oneapi/mpi/2021.5.1//lib] ==> [/opt/intel/oneapi/mpi/2021.5.1/lib]
  collapse library dir [/opt/intel/oneapi/mkl/2022.0.2/lib/intel64] ==> [/opt/intel/oneapi/mkl/2022.0.2/lib/intel64]
  collapse library dir [/opt/intel/oneapi/ipp/2021.5.2/lib/intel64] ==> [/opt/intel/oneapi/ipp/2021.5.2/lib/intel64]
  collapse library dir [/opt/intel/oneapi/compiler/2022.0.2/linux/compiler/lib/intel64_lin] ==> [/opt/intel/oneapi/compiler/2022.0.2/linux/compiler/lib/intel64_lin]
  collapse library dir [/opt/intel/oneapi/compiler/2022.0.2/linux/lib] ==> [/opt/intel/oneapi/compiler/2022.0.2/linux/lib]
  collapse library dir [/opt/intel/oneapi/clck/2021.5.0/lib/intel64] ==> [/opt/intel/oneapi/clck/2021.5.0/lib/intel64]
  collapse library dir [/opt/intel/oneapi/ccl/2021.5.1/lib/cpu_gpu_dpcpp] ==> [/opt/intel/oneapi/ccl/2021.5.1/lib/cpu_gpu_dpcpp]
  collapse library dir [/opt/intel/oneapi/compiler/2022.0.2/linux/bin/intel64/../../compiler/lib/intel64_lin] ==> [/opt/intel/oneapi/compiler/2022.0.2/linux/compiler/lib/intel64_lin]
  collapse library dir [/opt/intel/oneapi/mpi/2021.5.1//libfabric/lib/../lib/] ==> [/opt/intel/oneapi/mpi/2021.5.1/libfabric/lib]
  collapse library dir [/opt/intel/oneapi/mpi/2021.5.1//lib/../lib/] ==> [/opt/intel/oneapi/mpi/2021.5.1/lib]
  collapse library dir [/opt/intel/oneapi/compiler/2022.0.2/linux/lib/../lib/] ==> [/opt/intel/oneapi/compiler/2022.0.2/linux/lib]
  collapse library dir [/usr/lib/gcc/x86_64-linux-gnu/9/] ==> [/usr/lib/gcc/x86_64-linux-gnu/9]
  collapse library dir [/usr/lib/gcc/x86_64-linux-gnu/9/../../../x86_64-linux-gnu/] ==> [/usr/lib/x86_64-linux-gnu]
  collapse library dir [/usr/lib/gcc/x86_64-linux-gnu/9/../../../../lib64] ==> [/usr/lib64]
  collapse library dir [/usr/lib/gcc/x86_64-linux-gnu/9/../../../../lib/] ==> [/usr/lib]
  collapse library dir [/lib/x86_64-linux-gnu/] ==> [/lib/x86_64-linux-gnu]
  collapse library dir [/lib/../lib64] ==> [/lib64]
  collapse library dir [/lib/../lib/] ==> [/lib]
  collapse library dir [/usr/lib/x86_64-linux-gnu/] ==> [/usr/lib/x86_64-linux-gnu]
  collapse library dir [/usr/lib/../lib64] ==> [/usr/lib64]
  collapse library dir [/usr/lib/../lib/] ==> [/usr/lib]
  collapse library dir [/opt/intel/oneapi/tbb/2021.5.1/env/../lib/intel64/gcc4.8/] ==> [/opt/intel/oneapi/tbb/2021.5.1/lib/intel64/gcc4.8]
  collapse library dir [/opt/intel/oneapi/mpi/2021.5.1//libfabric/lib/] ==> [/opt/intel/oneapi/mpi/2021.5.1/libfabric/lib]
  collapse library dir [/opt/intel/oneapi/mpi/2021.5.1//lib/release/] ==> [/opt/intel/oneapi/mpi/2021.5.1/lib/release]
  collapse library dir [/opt/intel/oneapi/mpi/2021.5.1//lib/] ==> [/opt/intel/oneapi/mpi/2021.5.1/lib]
  collapse library dir [/opt/intel/oneapi/mkl/2022.0.2/lib/intel64/] ==> [/opt/intel/oneapi/mkl/2022.0.2/lib/intel64]
  collapse library dir [/opt/intel/oneapi/ipp/2021.5.2/lib/intel64/] ==> [/opt/intel/oneapi/ipp/2021.5.2/lib/intel64]
  collapse library dir [/opt/intel/oneapi/compiler/2022.0.2/linux/compiler/lib/intel64_lin/] ==> [/opt/intel/oneapi/compiler/2022.0.2/linux/compiler/lib/intel64_lin]
  collapse library dir [/opt/intel/oneapi/compiler/2022.0.2/linux/lib/] ==> [/opt/intel/oneapi/compiler/2022.0.2/linux/lib]
  collapse library dir [/opt/intel/oneapi/clck/2021.5.0/lib/intel64/] ==> [/opt/intel/oneapi/clck/2021.5.0/lib/intel64]
  collapse library dir [/opt/intel/oneapi/ccl/2021.5.1/lib/cpu_gpu_dpcpp/] ==> [/opt/intel/oneapi/ccl/2021.5.1/lib/cpu_gpu_dpcpp]
  collapse library dir [/usr/lib/gcc/x86_64-linux-gnu/9/../../../] ==> [/usr/lib]
  collapse library dir [/lib64] ==> [/lib64]
  collapse library dir [/lib/] ==> [/lib]
  collapse library dir [/usr/lib64] ==> [/usr/lib64]
  collapse library dir [/usr/lib] ==> [/usr/lib]
  implicit libs: [imf;svml;irng;stdc++;m;ipgo;decimal;cilkrts;stdc++;gcc;gcc_s;irc;svml;c;gcc;gcc_s;irc_s;dl;c]
  implicit dirs: [/opt/intel/oneapi/tbb/2021.5.1/lib/intel64/gcc4.8;/opt/intel/oneapi/mpi/2021.5.1/libfabric/lib;/opt/intel/oneapi/mpi/2021.5.1/lib/release;/opt/intel/oneapi/mpi/2021.5.1/lib;/opt/intel/oneapi/mkl/2022.0.2/lib/intel64;/opt/intel/oneapi/ipp/2021.5.2/lib/intel64;/opt/intel/oneapi/compiler/2022.0.2/linux/compiler/lib/intel64_lin;/opt/intel/oneapi/compiler/2022.0.2/linux/lib;/opt/intel/oneapi/clck/2021.5.0/lib/intel64;/opt/intel/oneapi/ccl/2021.5.1/lib/cpu_gpu_dpcpp;/usr/lib/gcc/x86_64-linux-gnu/9;/usr/lib/x86_64-linux-gnu;/usr/lib64;/usr/lib;/lib/x86_64-linux-gnu;/lib64;/lib]
  implicit fwks: []


